<?xml version="1.0" encoding="UTF-8"?>
<coverage generated="1787344187345" clover="3.2.0">
  <project timestamp="1787344187345" name="All files">
    <metrics statements="1093" coveredstatements="998" conditionals="435" coveredconditionals="396" methods="65" coveredmethods="64" elements="1593" coveredelements="1458" complexity="0" loc="1093" ncloc="1093" packages="1" files="9" classes="9"/>
    <file name="captcha.ts" path="Z:\bots\motion-captcha-bot\src\captcha.ts">
      <metrics statements="285" coveredstatements="281" conditionals="95" coveredconditionals="92" methods="14" coveredmethods="14"/>
      <line num="1" count="1" type="stmt"/>
      <line num="3" count="1" type="stmt"/>
      <line num="26" count="1" type="stmt"/>
      <line num="27" count="1" type="stmt"/>
      <line num="28" count="1" type="stmt"/>
      <line num="44" count="1" type="stmt"/>
      <line num="45" count="1" type="stmt"/>
      <line num="46" count="1" type="stmt"/>
      <line num="47" count="1" type="stmt"/>
      <line num="48" count="1" type="stmt"/>
      <line num="49" count="1" type="stmt"/>
      <line num="52" count="1" type="stmt"/>
      <line num="53" count="1" type="stmt"/>
      <line num="54" count="1" type="stmt"/>
      <line num="55" count="1" type="stmt"/>
      <line num="56" count="1" type="stmt"/>
      <line num="57" count="1" type="stmt"/>
      <line num="60" count="1" type="stmt"/>
      <line num="61" count="1" type="stmt"/>
      <line num="62" count="1" type="stmt"/>
      <line num="63" count="1" type="stmt"/>
      <line num="64" count="1" type="stmt"/>
      <line num="65" count="1" type="stmt"/>
      <line num="66" count="1" type="stmt"/>
      <line num="67" count="1" type="stmt"/>
      <line num="68" count="1" type="stmt"/>
      <line num="69" count="1" type="stmt"/>
      <line num="70" count="1" type="stmt"/>
      <line num="71" count="1" type="stmt"/>
      <line num="77" count="1" type="stmt"/>
      <line num="79" count="1" type="stmt"/>
      <line num="87" count="1" type="cond" truecount="1" falsecount="0"/>
      <line num="88" count="9" type="stmt"/>
      <line num="89" count="9" type="cond" truecount="1" falsecount="0"/>
      <line num="90" count="5166362" type="stmt"/>
      <line num="91" count="5166362" type="stmt"/>
      <line num="92" count="5166362" type="stmt"/>
      <line num="93" count="5166362" type="stmt"/>
      <line num="94" count="5166362" type="stmt"/>
      <line num="95" count="5166362" type="stmt"/>
      <line num="96" count="9" type="stmt"/>
      <line num="106" count="1" type="cond" truecount="1" falsecount="0"/>
      <line num="107" count="252" type="stmt"/>
      <line num="108" count="252" type="stmt"/>
      <line num="109" count="252" type="stmt"/>
      <line num="110" count="252" type="cond" truecount="2" falsecount="0"/>
      <line num="111" count="252" type="cond" truecount="2" falsecount="0"/>
      <line num="112" count="252" type="stmt"/>
      <line num="113" count="252" type="stmt"/>
      <line num="114" count="252" type="stmt"/>
      <line num="115" count="252" type="stmt"/>
      <line num="118" count="1" type="cond" truecount="1" falsecount="0"/>
      <line num="119" count="75" type="stmt"/>
      <line num="120" count="75" type="stmt"/>
      <line num="121" count="75" type="stmt"/>
      <line num="122" count="75" type="stmt"/>
      <line num="123" count="75" type="cond" truecount="1" falsecount="0"/>
      <line num="124" count="77" type="stmt"/>
      <line num="125" count="77" type="cond" truecount="1" falsecount="0"/>
      <line num="126" count="77" type="stmt"/>
      <line num="127" count="75" type="stmt"/>
      <line num="129" count="18" type="cond" truecount="1" falsecount="0"/>
      <line num="130" count="18" type="cond" truecount="0" falsecount="1"/>
      <line num="131" count="18" type="stmt"/>
      <line num="132" count="18" type="cond" truecount="1" falsecount="0"/>
      <line num="133" count="2880" type="cond" truecount="1" falsecount="0"/>
      <line num="134" count="921600" type="cond" truecount="2" falsecount="0"/>
      <line num="135" count="921600" type="cond" truecount="1" falsecount="0"/>
      <line num="136" count="1830647" type="cond" truecount="1" falsecount="0"/>
      <line num="137" count="19989697" type="stmt"/>
      <line num="138" count="19989697" type="stmt"/>
      <line num="139" count="19989697" type="stmt"/>
      <line num="140" count="19989697" type="stmt"/>
      <line num="141" count="1830647" type="cond" truecount="1" falsecount="0"/>
      <line num="142" count="168337" type="stmt"/>
      <line num="143" count="2880" type="stmt"/>
      <line num="144" count="18" type="stmt"/>
      <line num="145" count="18" type="stmt"/>
      <line num="147" count="1" type="cond" truecount="1" falsecount="0"/>
      <line num="148" count="18" type="stmt"/>
      <line num="149" count="18" type="stmt"/>
      <line num="150" count="18" type="stmt"/>
      <line num="151" count="18" type="stmt"/>
      <line num="152" count="18" type="stmt"/>
      <line num="153" count="18" type="stmt"/>
      <line num="154" count="18" type="stmt"/>
      <line num="155" count="18" type="stmt"/>
      <line num="156" count="18" type="stmt"/>
      <line num="157" count="18" type="cond" truecount="1" falsecount="0"/>
      <line num="158" count="1967" type="cond" truecount="1" falsecount="0"/>
      <line num="159" count="534331" type="cond" truecount="1" falsecount="0"/>
      <line num="160" count="534331" type="stmt"/>
      <line num="161" count="1967" type="stmt"/>
      <line num="163" count="18" type="stmt"/>
      <line num="164" count="18" type="stmt"/>
      <line num="167" count="600" type="cond" truecount="1" falsecount="0"/>
      <line num="168" count="600" type="stmt"/>
      <line num="169" count="600" type="stmt"/>
      <line num="171" count="20" type="cond" truecount="1" falsecount="0"/>
      <line num="172" count="20" type="stmt"/>
      <line num="173" count="20" type="cond" truecount="3" falsecount="0"/>
      <line num="174" count="20" type="stmt"/>
      <line num="175" count="20" type="stmt"/>
      <line num="178" count="10" type="cond" truecount="1" falsecount="0"/>
      <line num="179" count="10" type="stmt"/>
      <line num="180" count="10" type="stmt"/>
      <line num="181" count="10" type="stmt"/>
      <line num="182" count="10" type="stmt"/>
      <line num="183" count="10" type="stmt"/>
      <line num="184" count="10" type="stmt"/>
      <line num="185" count="10" type="stmt"/>
      <line num="186" count="10" type="stmt"/>
      <line num="187" count="10" type="stmt"/>
      <line num="188" count="10" type="stmt"/>
      <line num="190" count="10" type="stmt"/>
      <line num="191" count="10" type="cond" truecount="1" falsecount="0"/>
      <line num="192" count="900" type="stmt"/>
      <line num="193" count="900" type="stmt"/>
      <line num="194" count="900" type="cond" truecount="1" falsecount="0"/>
      <line num="195" count="720" type="cond" truecount="1" falsecount="0"/>
      <line num="196" count="180" type="stmt"/>
      <line num="197" count="900" type="stmt"/>
      <line num="198" count="900" type="cond" truecount="1" falsecount="0"/>
      <line num="199" count="720" type="cond" truecount="1" falsecount="0"/>
      <line num="200" count="180" type="stmt"/>
      <line num="201" count="900" type="stmt"/>
      <line num="202" count="900" type="stmt"/>
      <line num="203" count="900" type="stmt"/>
      <line num="204" count="900" type="cond" truecount="1" falsecount="0"/>
      <line num="205" count="144000" type="cond" truecount="1" falsecount="0"/>
      <line num="206" count="46080000" type="stmt"/>
      <line num="207" count="46080000" type="stmt"/>
      <line num="208" count="46080000" type="stmt"/>
      <line num="209" count="46080000" type="stmt"/>
      <line num="210" count="46080000" type="cond" truecount="4" falsecount="0"/>
      <line num="211" count="43572240" type="cond" truecount="1" falsecount="0"/>
      <line num="212" count="2507760" type="stmt"/>
      <line num="213" count="46080000" type="cond" truecount="2" falsecount="0"/>
      <line num="214" count="46080000" type="cond" truecount="2" falsecount="0"/>
      <line num="215" count="46080000" type="stmt"/>
      <line num="216" count="46080000" type="stmt"/>
      <line num="217" count="46080000" type="stmt"/>
      <line num="218" count="144000" type="stmt"/>
      <line num="219" count="900" type="stmt"/>
      <line num="220" count="900" type="stmt"/>
      <line num="221" count="10" type="stmt"/>
      <line num="222" count="10" type="stmt"/>
      <line num="231" count="4" type="cond" truecount="1" falsecount="0"/>
      <line num="232" count="4" type="stmt"/>
      <line num="233" count="4" type="cond" truecount="1" falsecount="0"/>
      <line num="234" count="160" type="cond" truecount="1" falsecount="0"/>
      <line num="235" count="12800" type="stmt"/>
      <line num="236" count="12800" type="stmt"/>
      <line num="237" count="12800" type="stmt"/>
      <line num="238" count="12800" type="stmt"/>
      <line num="239" count="12800" type="stmt"/>
      <line num="240" count="12800" type="stmt"/>
      <line num="241" count="12800" type="stmt"/>
      <line num="242" count="160" type="stmt"/>
      <line num="243" count="4" type="stmt"/>
      <line num="244" count="4" type="stmt"/>
      <line num="247" count="1536475" type="cond" truecount="1" falsecount="0"/>
      <line num="248" count="1536475" type="stmt"/>
      <line num="249" count="1536475" type="stmt"/>
      <line num="250" count="1536475" type="stmt"/>
      <line num="251" count="1536475" type="cond" truecount="1" falsecount="0"/>
      <line num="252" count="3225808" type="cond" truecount="2" falsecount="0"/>
      <line num="253" count="3221488" type="stmt"/>
      <line num="254" count="3225808" type="cond" truecount="1" falsecount="0"/>
      <line num="255" count="6859413" type="stmt"/>
      <line num="256" count="6859413" type="stmt"/>
      <line num="257" count="6859413" type="stmt"/>
      <line num="258" count="6859413" type="cond" truecount="1" falsecount="0"/>
      <line num="259" count="3221488" type="stmt"/>
      <line num="260" count="1536475" type="stmt"/>
      <line num="268" count="4" type="cond" truecount="1" falsecount="0"/>
      <line num="269" count="4" type="stmt"/>
      <line num="271" count="4" type="stmt"/>
      <line num="272" count="4" type="cond" truecount="1" falsecount="0"/>
      <line num="273" count="480" type="stmt"/>
      <line num="274" count="480" type="stmt"/>
      <line num="275" count="480" type="cond" truecount="2" falsecount="0"/>
      <line num="276" count="480" type="stmt"/>
      <line num="277" count="480" type="cond" truecount="1" falsecount="0"/>
      <line num="278" count="360" type="cond" truecount="1" falsecount="0"/>
      <line num="279" count="120" type="stmt"/>
      <line num="280" count="480" type="stmt"/>
      <line num="281" count="480" type="stmt"/>
      <line num="282" count="480" type="stmt"/>
      <line num="283" count="480" type="cond" truecount="1" falsecount="0"/>
      <line num="284" count="3072000" type="stmt"/>
      <line num="285" count="3072000" type="stmt"/>
      <line num="286" count="3072000" type="cond" truecount="4" falsecount="0"/>
      <line num="287" count="2903463" type="cond" truecount="1" falsecount="0"/>
      <line num="288" count="168537" type="stmt"/>
      <line num="289" count="3072000" type="stmt"/>
      <line num="290" count="480" type="stmt"/>
      <line num="291" count="480" type="cond" truecount="1" falsecount="0"/>
      <line num="292" count="1536000" type="stmt"/>
      <line num="293" count="1536000" type="cond" truecount="1" falsecount="0"/>
      <line num="294" count="1536000" type="stmt"/>
      <line num="295" count="480" type="cond" truecount="1" falsecount="0"/>
      <line num="296" count="1536000" type="stmt"/>
      <line num="297" count="1536000" type="cond" truecount="1" falsecount="0"/>
      <line num="298" count="1536000" type="stmt"/>
      <line num="299" count="480" type="stmt"/>
      <line num="300" count="480" type="stmt"/>
      <line num="301" count="480" type="stmt"/>
      <line num="302" count="480" type="stmt"/>
      <line num="305" count="1" type="cond" truecount="1" falsecount="0"/>
      <line num="306" count="14" type="stmt"/>
      <line num="307" count="14" type="stmt"/>
      <line num="308" count="14" type="stmt"/>
      <line num="309" count="14" type="stmt"/>
      <line num="310" count="14" type="stmt"/>
      <line num="311" count="14" type="stmt"/>
      <line num="312" count="14" type="cond" truecount="1" falsecount="0"/>
      <line num="313" count="4" type="cond" truecount="1" falsecount="0"/>
      <line num="314" count="10" type="cond" truecount="2" falsecount="0"/>
      <line num="316" count="14" type="cond" truecount="2" falsecount="0"/>
      <line num="317" count="14" type="cond" truecount="1" falsecount="0"/>
      <line num="318" count="1380" type="cond" truecount="1" falsecount="0"/>
      <line num="319" count="180" type="cond" truecount="1" falsecount="0"/>
      <line num="320" count="9216000" type="cond" truecount="1" falsecount="0"/>
      <line num="321" count="9216000" type="stmt"/>
      <line num="322" count="180" type="stmt"/>
      <line num="323" count="1380" type="cond" truecount="1" falsecount="0"/>
      <line num="324" count="90" type="cond" truecount="1" falsecount="0"/>
      <line num="325" count="4608000" type="cond" truecount="2" falsecount="0"/>
      <line num="326" count="230346" type="stmt"/>
      <line num="327" count="230346" type="cond" truecount="0" falsecount="1"/>
      <line num="328" count="0" type="cond" truecount="1" falsecount="0"/>
      <line num="329" count="230346" type="cond" truecount="1" falsecount="0"/>
      <line num="330" count="80346" type="cond" truecount="1" falsecount="0"/>
      <line num="331" count="150000" type="stmt"/>
      <line num="332" count="4608000" type="stmt"/>
      <line num="333" count="90" type="stmt"/>
      <line num="334" count="1380" type="stmt"/>
      <line num="335" count="14" type="stmt"/>
      <line num="336" count="14" type="stmt"/>
      <line num="339" count="1" type="cond" truecount="1" falsecount="0"/>
      <line num="340" count="1" type="stmt"/>
      <line num="341" count="1" type="stmt"/>
      <line num="342" count="1" type="stmt"/>
      <line num="343" count="1" type="stmt"/>
      <line num="344" count="1" type="stmt"/>
      <line num="346" count="1" type="stmt"/>
      <line num="347" count="1" type="stmt"/>
      <line num="348" count="1" type="stmt"/>
      <line num="349" count="1" type="stmt"/>
      <line num="350" count="1" type="stmt"/>
      <line num="351" count="1" type="stmt"/>
      <line num="353" count="1" type="stmt"/>
      <line num="354" count="1" type="stmt"/>
      <line num="355" count="1" type="stmt"/>
      <line num="356" count="1" type="stmt"/>
      <line num="357" count="1" type="stmt"/>
      <line num="358" count="1" type="stmt"/>
      <line num="359" count="1" type="stmt"/>
      <line num="360" count="1" type="stmt"/>
      <line num="362" count="1" type="cond" truecount="1" falsecount="0"/>
      <line num="363" count="1" type="stmt"/>
      <line num="364" count="1" type="stmt"/>
      <line num="365" count="1" type="stmt"/>
      <line num="366" count="1" type="stmt"/>
      <line num="367" count="0" type="stmt"/>
      <line num="368" count="0" type="stmt"/>
      <line num="369" count="1" type="stmt"/>
      <line num="371" count="1" type="stmt"/>
      <line num="372" count="1" type="stmt"/>
      <line num="373" count="0" type="stmt"/>
      <line num="374" count="1" type="stmt"/>
      <line num="375" count="1" type="cond" truecount="1" falsecount="0"/>
      <line num="376" count="1" type="stmt"/>
      <line num="377" count="1" type="stmt"/>
      <line num="378" count="1" type="stmt"/>
      <line num="379" count="1" type="cond" truecount="1" falsecount="0"/>
      <line num="380" count="1" type="stmt"/>
      <line num="381" count="1" type="cond" truecount="0" falsecount="1"/>
      <line num="382" count="1" type="stmt"/>
      <line num="383" count="1" type="stmt"/>
      <line num="385" count="1" type="cond" truecount="1" falsecount="0"/>
      <line num="386" count="1" type="stmt"/>
      <line num="387" count="1" type="stmt"/>
      <line num="388" count="1" type="stmt"/>
    </file>
    <file name="config.ts" path="Z:\bots\motion-captcha-bot\src\config.ts">
      <metrics statements="135" coveredstatements="131" conditionals="79" coveredconditionals="71" methods="7" coveredmethods="7"/>
      <line num="1" count="1" type="stmt"/>
      <line num="69" count="1" type="stmt"/>
      <line num="70" count="1" type="stmt"/>
      <line num="71" count="1" type="stmt"/>
      <line num="72" count="1" type="stmt"/>
      <line num="73" count="1" type="stmt"/>
      <line num="75" count="22" type="cond" truecount="1" falsecount="0"/>
      <line num="76" count="22" type="cond" truecount="3" falsecount="0"/>
      <line num="77" count="4" type="stmt"/>
      <line num="78" count="22" type="cond" truecount="1" falsecount="0"/>
      <line num="79" count="7" type="stmt"/>
      <line num="80" count="7" type="cond" truecount="1" falsecount="0"/>
      <line num="81" count="1" type="stmt"/>
      <line num="82" count="1" type="cond" truecount="1" falsecount="0"/>
      <line num="83" count="6" type="stmt"/>
      <line num="84" count="7" type="cond" truecount="2" falsecount="0"/>
      <line num="85" count="2" type="stmt"/>
      <line num="86" count="2" type="cond" truecount="1" falsecount="0"/>
      <line num="87" count="4" type="stmt"/>
      <line num="88" count="4" type="cond" truecount="1" falsecount="0"/>
      <line num="89" count="1" type="stmt"/>
      <line num="90" count="1" type="stmt"/>
      <line num="92" count="19" type="cond" truecount="1" falsecount="0"/>
      <line num="93" count="19" type="cond" truecount="3" falsecount="0"/>
      <line num="94" count="4" type="stmt"/>
      <line num="95" count="19" type="cond" truecount="1" falsecount="0"/>
      <line num="96" count="6" type="stmt"/>
      <line num="97" count="6" type="cond" truecount="0" falsecount="1"/>
      <line num="98" count="0" type="stmt"/>
      <line num="99" count="0" type="stmt"/>
      <line num="100" count="6" type="stmt"/>
      <line num="101" count="6" type="cond" truecount="2" falsecount="0"/>
      <line num="102" count="3" type="stmt"/>
      <line num="103" count="3" type="stmt"/>
      <line num="104" count="3" type="stmt"/>
      <line num="105" count="3" type="cond" truecount="1" falsecount="0"/>
      <line num="106" count="1" type="stmt"/>
      <line num="107" count="1" type="stmt"/>
      <line num="109" count="1" type="stmt"/>
      <line num="111" count="1" type="stmt"/>
      <line num="112" count="1" type="stmt"/>
      <line num="114" count="29" type="cond" truecount="1" falsecount="0"/>
      <line num="115" count="29" type="cond" truecount="3" falsecount="0"/>
      <line num="116" count="29" type="cond" truecount="1" falsecount="0"/>
      <line num="117" count="1" type="stmt"/>
      <line num="118" count="1" type="cond" truecount="1" falsecount="0"/>
      <line num="119" count="4" type="stmt"/>
      <line num="120" count="4" type="stmt"/>
      <line num="121" count="4" type="stmt"/>
      <line num="122" count="4" type="cond" truecount="1" falsecount="0"/>
      <line num="123" count="2" type="stmt"/>
      <line num="124" count="29" type="cond" truecount="1" falsecount="0"/>
      <line num="125" count="3" type="stmt"/>
      <line num="126" count="3" type="cond" truecount="1" falsecount="0"/>
      <line num="127" count="1" type="stmt"/>
      <line num="128" count="1" type="stmt"/>
      <line num="134" count="1" type="stmt"/>
      <line num="136" count="23" type="cond" truecount="1" falsecount="0"/>
      <line num="137" count="23" type="cond" truecount="3" falsecount="0"/>
      <line num="138" count="23" type="cond" truecount="1" falsecount="0"/>
      <line num="139" count="1" type="stmt"/>
      <line num="140" count="1" type="cond" truecount="1" falsecount="0"/>
      <line num="141" count="2" type="stmt"/>
      <line num="142" count="23" type="cond" truecount="0" falsecount="1"/>
      <line num="143" count="0" type="stmt"/>
      <line num="144" count="0" type="cond" truecount="1" falsecount="0"/>
      <line num="145" count="2" type="stmt"/>
      <line num="146" count="2" type="stmt"/>
      <line num="148" count="25" type="cond" truecount="1" falsecount="0"/>
      <line num="149" count="25" type="cond" truecount="3" falsecount="0"/>
      <line num="150" count="25" type="cond" truecount="1" falsecount="0"/>
      <line num="151" count="1" type="stmt"/>
      <line num="152" count="1" type="cond" truecount="1" falsecount="0"/>
      <line num="153" count="2" type="stmt"/>
      <line num="154" count="25" type="cond" truecount="1" falsecount="0"/>
      <line num="155" count="1" type="stmt"/>
      <line num="156" count="1" type="stmt"/>
      <line num="157" count="1" type="stmt"/>
      <line num="158" count="1" type="stmt"/>
      <line num="161" count="1" type="cond" truecount="1" falsecount="0"/>
      <line num="162" count="3" type="stmt"/>
      <line num="163" count="3" type="stmt"/>
      <line num="164" count="3" type="stmt"/>
      <line num="165" count="3" type="cond" truecount="1" falsecount="0"/>
      <line num="166" count="1" type="stmt"/>
      <line num="167" count="1" type="cond" truecount="1" falsecount="0"/>
      <line num="168" count="2" type="stmt"/>
      <line num="169" count="2" type="stmt"/>
      <line num="170" count="3" type="cond" truecount="1" falsecount="1"/>
      <line num="171" count="3" type="cond" truecount="1" falsecount="1"/>
      <line num="172" count="3" type="stmt"/>
      <line num="173" count="3" type="stmt"/>
      <line num="175" count="1" type="cond" truecount="1" falsecount="0"/>
      <line num="176" count="33" type="cond" truecount="1" falsecount="0"/>
      <line num="177" count="33" type="cond" truecount="2" falsecount="0"/>
      <line num="178" count="32" type="stmt"/>
      <line num="179" count="33" type="cond" truecount="1" falsecount="0"/>
      <line num="180" count="33" type="stmt"/>
      <line num="181" count="33" type="cond" truecount="2" falsecount="0"/>
      <line num="182" count="4" type="cond" truecount="1" falsecount="0"/>
      <line num="183" count="1" type="stmt"/>
      <line num="184" count="1" type="cond" truecount="1" falsecount="0"/>
      <line num="185" count="3" type="stmt"/>
      <line num="186" count="4" type="cond" truecount="1" falsecount="0"/>
      <line num="187" count="1" type="stmt"/>
      <line num="188" count="1" type="cond" truecount="1" falsecount="0"/>
      <line num="189" count="4" type="cond" truecount="1" falsecount="0"/>
      <line num="190" count="1" type="stmt"/>
      <line num="191" count="1" type="stmt"/>
      <line num="192" count="4" type="cond" truecount="1" falsecount="0"/>
      <line num="193" count="29" type="stmt"/>
      <line num="194" count="29" type="stmt"/>
      <line num="195" count="33" type="cond" truecount="1" falsecount="1"/>
      <line num="196" count="33" type="stmt"/>
      <line num="197" count="33" type="cond" truecount="2" falsecount="1"/>
      <line num="198" count="33" type="cond" truecount="1" falsecount="1"/>
      <line num="199" count="33" type="cond" truecount="1" falsecount="0"/>
      <line num="200" count="33" type="stmt"/>
      <line num="201" count="33" type="stmt"/>
      <line num="202" count="33" type="cond" truecount="1" falsecount="1"/>
      <line num="203" count="33" type="stmt"/>
      <line num="204" count="33" type="stmt"/>
      <line num="205" count="33" type="stmt"/>
      <line num="206" count="33" type="stmt"/>
      <line num="207" count="33" type="cond" truecount="2" falsecount="0"/>
      <line num="208" count="33" type="stmt"/>
      <line num="209" count="33" type="stmt"/>
      <line num="210" count="33" type="cond" truecount="1" falsecount="0"/>
      <line num="211" count="33" type="cond" truecount="1" falsecount="0"/>
      <line num="212" count="33" type="cond" truecount="1" falsecount="0"/>
      <line num="213" count="33" type="stmt"/>
      <line num="214" count="33" type="stmt"/>
      <line num="215" count="33" type="stmt"/>
      <line num="216" count="33" type="stmt"/>
      <line num="217" count="33" type="stmt"/>
    </file>
    <file name="font.ts" path="Z:\bots\motion-captcha-bot\src\font.ts">
      <metrics statements="41" coveredstatements="41" conditionals="12" coveredconditionals="12" methods="1" coveredmethods="1"/>
      <line num="2" count="1" type="stmt"/>
      <line num="3" count="1" type="stmt"/>
      <line num="4" count="1" type="stmt"/>
      <line num="5" count="1" type="stmt"/>
      <line num="6" count="1" type="stmt"/>
      <line num="7" count="1" type="stmt"/>
      <line num="8" count="1" type="stmt"/>
      <line num="9" count="1" type="stmt"/>
      <line num="10" count="1" type="stmt"/>
      <line num="11" count="1" type="stmt"/>
      <line num="12" count="1" type="stmt"/>
      <line num="13" count="1" type="stmt"/>
      <line num="14" count="1" type="stmt"/>
      <line num="15" count="1" type="stmt"/>
      <line num="17" count="1" type="stmt"/>
      <line num="18" count="1" type="stmt"/>
      <line num="24" count="1" type="cond" truecount="1" falsecount="0"/>
      <line num="25" count="20" type="stmt"/>
      <line num="26" count="20" type="stmt"/>
      <line num="27" count="20" type="stmt"/>
      <line num="28" count="20" type="stmt"/>
      <line num="29" count="20" type="stmt"/>
      <line num="30" count="20" type="stmt"/>
      <line num="31" count="20" type="stmt"/>
      <line num="33" count="20" type="cond" truecount="1" falsecount="0"/>
      <line num="34" count="62" type="stmt"/>
      <line num="35" count="62" type="cond" truecount="2" falsecount="0"/>
      <line num="36" count="61" type="stmt"/>
      <line num="37" count="62" type="cond" truecount="1" falsecount="0"/>
      <line num="38" count="427" type="cond" truecount="1" falsecount="0"/>
      <line num="39" count="2135" type="cond" truecount="2" falsecount="0"/>
      <line num="40" count="2135" type="cond" truecount="1" falsecount="0"/>
      <line num="41" count="10899" type="stmt"/>
      <line num="42" count="10899" type="stmt"/>
      <line num="43" count="10899" type="stmt"/>
      <line num="44" count="10899" type="cond" truecount="1" falsecount="0"/>
      <line num="45" count="763" type="stmt"/>
      <line num="46" count="427" type="cond" truecount="1" falsecount="0"/>
      <line num="47" count="61" type="cond" truecount="1" falsecount="0"/>
      <line num="48" count="19" type="stmt"/>
      <line num="49" count="19" type="stmt"/>
    </file>
    <file name="gate.ts" path="Z:\bots\motion-captcha-bot\src\gate.ts">
      <metrics statements="13" coveredstatements="13" conditionals="4" coveredconditionals="4" methods="2" coveredmethods="2"/>
      <line num="13" count="1" type="cond" truecount="1" falsecount="0"/>
      <line num="14" count="20" type="stmt"/>
      <line num="15" count="20" type="stmt"/>
      <line num="16" count="20" type="cond" truecount="1" falsecount="0"/>
      <line num="17" count="23" type="stmt"/>
      <line num="19" count="23" type="stmt"/>
      <line num="20" count="23" type="cond" truecount="1" falsecount="0"/>
      <line num="21" count="23" type="cond" truecount="1" falsecount="0"/>
      <line num="22" count="23" type="stmt"/>
      <line num="23" count="23" type="stmt"/>
      <line num="24" count="23" type="stmt"/>
      <line num="25" count="20" type="stmt"/>
      <line num="26" count="20" type="stmt"/>
    </file>
    <file name="handlers.ts" path="Z:\bots\motion-captcha-bot\src\handlers.ts">
      <metrics statements="241" coveredstatements="240" conditionals="115" coveredconditionals="99" methods="13" coveredmethods="13"/>
      <line num="3" count="1" type="stmt"/>
      <line num="11" count="1" type="stmt"/>
      <line num="67" count="19" type="cond" truecount="1" falsecount="0"/>
      <line num="68" count="19" type="stmt"/>
      <line num="69" count="19" type="stmt"/>
      <line num="72" count="19" type="cond" truecount="1" falsecount="0"/>
      <line num="73" count="19" type="stmt"/>
      <line num="74" count="19" type="stmt"/>
      <line num="76" count="19" type="cond" truecount="1" falsecount="0"/>
      <line num="77" count="19" type="stmt"/>
      <line num="78" count="19" type="stmt"/>
      <line num="79" count="19" type="stmt"/>
      <line num="80" count="19" type="stmt"/>
      <line num="83" count="1" type="stmt"/>
      <line num="85" count="1" type="stmt"/>
      <line num="87" count="9" type="cond" truecount="1" falsecount="0"/>
      <line num="88" count="9" type="cond" truecount="0" falsecount="1"/>
      <line num="89" count="9" type="stmt"/>
      <line num="96" count="22" type="cond" truecount="1" falsecount="0"/>
      <line num="97" count="22" type="stmt"/>
      <line num="98" count="22" type="cond" truecount="2" falsecount="0"/>
      <line num="99" count="22" type="cond" truecount="1" falsecount="0"/>
      <line num="100" count="22" type="cond" truecount="1" falsecount="0"/>
      <line num="101" count="1" type="stmt"/>
      <line num="102" count="1" type="stmt"/>
      <line num="103" count="1" type="stmt"/>
      <line num="104" count="22" type="stmt"/>
      <line num="111" count="2" type="cond" truecount="1" falsecount="0"/>
      <line num="112" count="2" type="cond" truecount="0" falsecount="1"/>
      <line num="113" count="2" type="cond" truecount="1" falsecount="0"/>
      <line num="114" count="2" type="cond" truecount="1" falsecount="0"/>
      <line num="115" count="2" type="stmt"/>
      <line num="118" count="11" type="cond" truecount="1" falsecount="0"/>
      <line num="119" count="11" type="cond" truecount="0" falsecount="1"/>
      <line num="120" count="11" type="stmt"/>
      <line num="121" count="11" type="stmt"/>
      <line num="122" count="11" type="stmt"/>
      <line num="123" count="11" type="stmt"/>
      <line num="124" count="11" type="stmt"/>
      <line num="125" count="11" type="stmt"/>
      <line num="126" count="11" type="stmt"/>
      <line num="127" count="11" type="stmt"/>
      <line num="131" count="11" type="cond" truecount="1" falsecount="0"/>
      <line num="132" count="1" type="stmt"/>
      <line num="133" count="11" type="stmt"/>
      <line num="134" count="11" type="cond" truecount="2" falsecount="0"/>
      <line num="135" count="8" type="stmt"/>
      <line num="137" count="27" type="cond" truecount="1" falsecount="0"/>
      <line num="138" count="27" type="stmt"/>
      <line num="140" count="27" type="cond" truecount="1" falsecount="0"/>
      <line num="141" count="4" type="cond" truecount="2" falsecount="0"/>
      <line num="142" count="3" type="stmt"/>
      <line num="143" count="3" type="stmt"/>
      <line num="144" count="3" type="cond" truecount="2" falsecount="0"/>
      <line num="145" count="4" type="cond" truecount="1" falsecount="0"/>
      <line num="146" count="4" type="cond" truecount="1" falsecount="0"/>
      <line num="147" count="1" type="stmt"/>
      <line num="148" count="1" type="stmt"/>
      <line num="149" count="1" type="stmt"/>
      <line num="150" count="1" type="stmt"/>
      <line num="151" count="1" type="stmt"/>
      <line num="152" count="1" type="cond" truecount="1" falsecount="0"/>
      <line num="153" count="3" type="cond" truecount="2" falsecount="0"/>
      <line num="154" count="2" type="stmt"/>
      <line num="155" count="2" type="stmt"/>
      <line num="156" count="2" type="stmt"/>
      <line num="157" count="2" type="stmt"/>
      <line num="158" count="2" type="stmt"/>
      <line num="159" count="2" type="stmt"/>
      <line num="160" count="2" type="stmt"/>
      <line num="161" count="2" type="cond" truecount="1" falsecount="0"/>
      <line num="163" count="23" type="cond" truecount="2" falsecount="0"/>
      <line num="168" count="27" type="cond" truecount="1" falsecount="0"/>
      <line num="169" count="2" type="stmt"/>
      <line num="170" count="2" type="stmt"/>
      <line num="171" count="2" type="stmt"/>
      <line num="172" count="2" type="stmt"/>
      <line num="173" count="2" type="stmt"/>
      <line num="174" count="2" type="cond" truecount="1" falsecount="0"/>
      <line num="177" count="20" type="stmt"/>
      <line num="178" count="27" type="cond" truecount="1" falsecount="1"/>
      <line num="180" count="20" type="stmt"/>
      <line num="181" count="27" type="stmt"/>
      <line num="182" count="27" type="cond" truecount="2" falsecount="0"/>
      <line num="183" count="27" type="stmt"/>
      <line num="184" count="27" type="stmt"/>
      <line num="185" count="27" type="stmt"/>
      <line num="186" count="27" type="stmt"/>
      <line num="187" count="27" type="stmt"/>
      <line num="188" count="27" type="stmt"/>
      <line num="189" count="27" type="cond" truecount="1" falsecount="0"/>
      <line num="190" count="27" type="stmt"/>
      <line num="191" count="27" type="cond" truecount="1" falsecount="0"/>
      <line num="192" count="27" type="cond" truecount="1" falsecount="0"/>
      <line num="193" count="2" type="cond" truecount="1" falsecount="0"/>
      <line num="196" count="1" type="stmt"/>
      <line num="197" count="1" type="stmt"/>
      <line num="198" count="1" type="stmt"/>
      <line num="199" count="1" type="stmt"/>
      <line num="200" count="1" type="stmt"/>
      <line num="201" count="0" type="stmt"/>
      <line num="202" count="1" type="stmt"/>
      <line num="203" count="1" type="stmt"/>
      <line num="204" count="1" type="stmt"/>
      <line num="206" count="1" type="stmt"/>
      <line num="207" count="2" type="cond" truecount="0" falsecount="1"/>
      <line num="208" count="2" type="stmt"/>
      <line num="209" count="2" type="cond" truecount="1" falsecount="0"/>
      <line num="211" count="18" type="cond" truecount="1" falsecount="0"/>
      <line num="212" count="18" type="stmt"/>
      <line num="213" count="18" type="stmt"/>
      <line num="214" count="18" type="stmt"/>
      <line num="215" count="18" type="stmt"/>
      <line num="216" count="18" type="stmt"/>
      <line num="217" count="18" type="stmt"/>
      <line num="218" count="18" type="stmt"/>
      <line num="219" count="18" type="stmt"/>
      <line num="220" count="27" type="cond" truecount="1" falsecount="0"/>
      <line num="221" count="27" type="cond" truecount="1" falsecount="1"/>
      <line num="222" count="27" type="stmt"/>
      <line num="223" count="27" type="stmt"/>
      <line num="224" count="27" type="stmt"/>
      <line num="225" count="27" type="stmt"/>
      <line num="228" count="1" type="stmt"/>
      <line num="229" count="1" type="stmt"/>
      <line num="230" count="1" type="stmt"/>
      <line num="231" count="1" type="stmt"/>
      <line num="232" count="1" type="stmt"/>
      <line num="233" count="1" type="stmt"/>
      <line num="242" count="1" type="cond" truecount="1" falsecount="0"/>
      <line num="243" count="5" type="stmt"/>
      <line num="244" count="5" type="stmt"/>
      <line num="245" count="5" type="stmt"/>
      <line num="246" count="5" type="stmt"/>
      <line num="247" count="5" type="stmt"/>
      <line num="249" count="5" type="cond" truecount="4" falsecount="0"/>
      <line num="250" count="4" type="cond" truecount="1" falsecount="1"/>
      <line num="251" count="5" type="cond" truecount="1" falsecount="2"/>
      <line num="253" count="4" type="stmt"/>
      <line num="254" count="5" type="cond" truecount="1" falsecount="0"/>
      <line num="256" count="1" type="stmt"/>
      <line num="257" count="1" type="cond" truecount="1" falsecount="0"/>
      <line num="258" count="1" type="stmt"/>
      <line num="259" count="1" type="cond" truecount="1" falsecount="0"/>
      <line num="261" count="5" type="cond" truecount="3" falsecount="0"/>
      <line num="262" count="5" type="cond" truecount="0" falsecount="1"/>
      <line num="263" count="5" type="stmt"/>
      <line num="266" count="1" type="cond" truecount="1" falsecount="0"/>
      <line num="267" count="1" type="stmt"/>
      <line num="268" count="1" type="cond" truecount="1" falsecount="0"/>
      <line num="269" count="1" type="cond" truecount="0" falsecount="1"/>
      <line num="270" count="1" type="stmt"/>
      <line num="272" count="13" type="cond" truecount="1" falsecount="0"/>
      <line num="273" count="13" type="stmt"/>
      <line num="274" count="13" type="stmt"/>
      <line num="275" count="13" type="stmt"/>
      <line num="276" count="13" type="stmt"/>
      <line num="277" count="13" type="stmt"/>
      <line num="278" count="13" type="stmt"/>
      <line num="279" count="13" type="stmt"/>
      <line num="280" count="13" type="cond" truecount="0" falsecount="1"/>
      <line num="281" count="13" type="stmt"/>
      <line num="283" count="13" type="cond" truecount="1" falsecount="0"/>
      <line num="285" count="3" type="cond" truecount="1" falsecount="0"/>
      <line num="286" count="2" type="cond" truecount="1" falsecount="0"/>
      <line num="287" count="2" type="stmt"/>
      <line num="288" count="2" type="cond" truecount="1" falsecount="0"/>
      <line num="290" count="1" type="stmt"/>
      <line num="291" count="1" type="stmt"/>
      <line num="292" count="1" type="cond" truecount="1" falsecount="0"/>
      <line num="294" count="13" type="stmt"/>
      <line num="297" count="13" type="cond" truecount="2" falsecount="0"/>
      <line num="298" count="2" type="stmt"/>
      <line num="299" count="2" type="stmt"/>
      <line num="300" count="2" type="cond" truecount="1" falsecount="0"/>
      <line num="301" count="2" type="cond" truecount="1" falsecount="0"/>
      <line num="302" count="2" type="cond" truecount="1" falsecount="0"/>
      <line num="303" count="1" type="stmt"/>
      <line num="304" count="2" type="stmt"/>
      <line num="305" count="2" type="stmt"/>
      <line num="306" count="2" type="cond" truecount="1" falsecount="0"/>
      <line num="308" count="13" type="cond" truecount="1" falsecount="0"/>
      <line num="309" count="1" type="stmt"/>
      <line num="310" count="1" type="cond" truecount="1" falsecount="0"/>
      <line num="311" count="1" type="cond" truecount="1" falsecount="0"/>
      <line num="312" count="1" type="cond" truecount="1" falsecount="0"/>
      <line num="313" count="1" type="stmt"/>
      <line num="314" count="1" type="stmt"/>
      <line num="315" count="1" type="cond" truecount="0" falsecount="1"/>
      <line num="316" count="1" type="stmt"/>
      <line num="317" count="1" type="stmt"/>
      <line num="318" count="1" type="stmt"/>
      <line num="319" count="1" type="stmt"/>
      <line num="320" count="1" type="cond" truecount="1" falsecount="0"/>
      <line num="323" count="7" type="cond" truecount="1" falsecount="0"/>
      <line num="326" count="13" type="cond" truecount="1" falsecount="0"/>
      <line num="327" count="6" type="cond" truecount="1" falsecount="0"/>
      <line num="328" count="6" type="cond" truecount="1" falsecount="0"/>
      <line num="329" count="2" type="stmt"/>
      <line num="330" count="2" type="stmt"/>
      <line num="331" count="2" type="cond" truecount="1" falsecount="0"/>
      <line num="332" count="2" type="cond" truecount="1" falsecount="0"/>
      <line num="333" count="1" type="stmt"/>
      <line num="334" count="2" type="stmt"/>
      <line num="335" count="2" type="stmt"/>
      <line num="336" count="2" type="cond" truecount="1" falsecount="0"/>
      <line num="337" count="4" type="stmt"/>
      <line num="338" count="4" type="stmt"/>
      <line num="339" count="13" type="stmt"/>
      <line num="342" count="12" type="cond" truecount="1" falsecount="0"/>
      <line num="343" count="12" type="cond" truecount="0" falsecount="1"/>
      <line num="346" count="12" type="cond" truecount="1" falsecount="0"/>
      <line num="347" count="11" type="cond" truecount="1" falsecount="0"/>
      <line num="348" count="1" type="cond" truecount="1" falsecount="0"/>
      <line num="349" count="1" type="stmt"/>
      <line num="352" count="12" type="cond" truecount="1" falsecount="0"/>
      <line num="353" count="1" type="stmt"/>
      <line num="354" count="1" type="stmt"/>
      <line num="355" count="1" type="stmt"/>
      <line num="357" count="12" type="cond" truecount="1" falsecount="0"/>
      <line num="358" count="3" type="cond" truecount="0" falsecount="1"/>
      <line num="359" count="3" type="cond" truecount="0" falsecount="1"/>
      <line num="360" count="3" type="stmt"/>
      <line num="361" count="3" type="cond" truecount="2" falsecount="0"/>
      <line num="362" count="2" type="stmt"/>
      <line num="363" count="3" type="cond" truecount="1" falsecount="0"/>
      <line num="364" count="1" type="stmt"/>
      <line num="365" count="1" type="stmt"/>
      <line num="366" count="3" type="stmt"/>
      <line num="367" count="12" type="cond" truecount="1" falsecount="0"/>
      <line num="368" count="8" type="cond" truecount="2" falsecount="0"/>
      <line num="371" count="7" type="stmt"/>
      <line num="372" count="8" type="cond" truecount="3" falsecount="0"/>
      <line num="373" count="6" type="stmt"/>
      <line num="374" count="6" type="stmt"/>
      <line num="375" count="6" type="cond" truecount="1" falsecount="0"/>
      <line num="376" count="1" type="stmt"/>
      <line num="377" count="6" type="stmt"/>
      <line num="378" count="6" type="cond" truecount="1" falsecount="0"/>
      <line num="379" count="6" type="stmt"/>
      <line num="380" count="12" type="stmt"/>
    </file>
    <file name="main.ts" path="Z:\bots\motion-captcha-bot\src\main.ts">
      <metrics statements="81" coveredstatements="0" conditionals="1" coveredconditionals="0" methods="1" coveredmethods="0"/>
      <line num="1" count="0" type="cond" truecount="0" falsecount="1"/>
      <line num="3" count="0" type="stmt"/>
      <line num="4" count="0" type="stmt"/>
      <line num="5" count="0" type="stmt"/>
      <line num="6" count="0" type="stmt"/>
      <line num="7" count="0" type="stmt"/>
      <line num="8" count="0" type="stmt"/>
      <line num="10" count="0" type="stmt"/>
      <line num="11" count="0" type="stmt"/>
      <line num="12" count="0" type="stmt"/>
      <line num="13" count="0" type="stmt"/>
      <line num="15" count="0" type="stmt"/>
      <line num="16" count="0" type="stmt"/>
      <line num="17" count="0" type="stmt"/>
      <line num="18" count="0" type="stmt"/>
      <line num="19" count="0" type="stmt"/>
      <line num="20" count="0" type="stmt"/>
      <line num="22" count="0" type="stmt"/>
      <line num="24" count="0" type="stmt"/>
      <line num="25" count="0" type="stmt"/>
      <line num="26" count="0" type="stmt"/>
      <line num="27" count="0" type="stmt"/>
      <line num="28" count="0" type="stmt"/>
      <line num="29" count="0" type="stmt"/>
      <line num="30" count="0" type="stmt"/>
      <line num="31" count="0" type="stmt"/>
      <line num="32" count="0" type="stmt"/>
      <line num="33" count="0" type="stmt"/>
      <line num="34" count="0" type="stmt"/>
      <line num="35" count="0" type="stmt"/>
      <line num="36" count="0" type="stmt"/>
      <line num="37" count="0" type="stmt"/>
      <line num="38" count="0" type="stmt"/>
      <line num="39" count="0" type="stmt"/>
      <line num="40" count="0" type="stmt"/>
      <line num="42" count="0" type="stmt"/>
      <line num="43" count="0" type="stmt"/>
      <line num="44" count="0" type="stmt"/>
      <line num="45" count="0" type="stmt"/>
      <line num="46" count="0" type="stmt"/>
      <line num="47" count="0" type="stmt"/>
      <line num="48" count="0" type="stmt"/>
      <line num="49" count="0" type="stmt"/>
      <line num="50" count="0" type="stmt"/>
      <line num="51" count="0" type="stmt"/>
      <line num="52" count="0" type="stmt"/>
      <line num="53" count="0" type="stmt"/>
      <line num="54" count="0" type="stmt"/>
      <line num="55" count="0" type="stmt"/>
      <line num="56" count="0" type="stmt"/>
      <line num="57" count="0" type="stmt"/>
      <line num="58" count="0" type="stmt"/>
      <line num="59" count="0" type="stmt"/>
      <line num="60" count="0" type="stmt"/>
      <line num="61" count="0" type="stmt"/>
      <line num="63" count="0" type="stmt"/>
      <line num="64" count="0" type="stmt"/>
      <line num="65" count="0" type="stmt"/>
      <line num="66" count="0" type="stmt"/>
      <line num="67" count="0" type="stmt"/>
      <line num="68" count="0" type="stmt"/>
      <line num="69" count="0" type="stmt"/>
      <line num="71" count="0" type="stmt"/>
      <line num="72" count="0" type="stmt"/>
      <line num="73" count="0" type="stmt"/>
      <line num="74" count="0" type="stmt"/>
      <line num="76" count="0" type="stmt"/>
      <line num="77" count="0" type="stmt"/>
      <line num="78" count="0" type="stmt"/>
      <line num="79" count="0" type="stmt"/>
      <line num="80" count="0" type="stmt"/>
      <line num="81" count="0" type="stmt"/>
      <line num="82" count="0" type="stmt"/>
      <line num="83" count="0" type="stmt"/>
      <line num="88" count="0" type="stmt"/>
      <line num="90" count="0" type="stmt"/>
      <line num="91" count="0" type="stmt"/>
      <line num="93" count="0" type="stmt"/>
      <line num="94" count="0" type="stmt"/>
      <line num="95" count="0" type="stmt"/>
      <line num="96" count="0" type="stmt"/>
    </file>
    <file name="state.ts" path="Z:\bots\motion-captcha-bot\src\state.ts">
      <metrics statements="184" coveredstatements="179" conditionals="62" coveredconditionals="56" methods="21" coveredmethods="21"/>
      <line num="1" count="1" type="stmt"/>
      <line num="2" count="1" type="stmt"/>
      <line num="3" count="1" type="stmt"/>
      <line num="26" count="1" type="stmt"/>
      <line num="48" count="1" type="stmt"/>
      <line num="49" count="1" type="stmt"/>
      <line num="51" count="1" type="stmt"/>
      <line num="53" count="1" type="stmt"/>
      <line num="54" count="1" type="stmt"/>
      <line num="55" count="1" type="stmt"/>
      <line num="56" count="1" type="stmt"/>
      <line num="58" count="1" type="cond" truecount="1" falsecount="0"/>
      <line num="59" count="52" type="stmt"/>
      <line num="60" count="52" type="stmt"/>
      <line num="61" count="52" type="stmt"/>
      <line num="64" count="1" type="cond" truecount="1" falsecount="0"/>
      <line num="65" count="5" type="stmt"/>
      <line num="66" count="5" type="stmt"/>
      <line num="67" count="5" type="stmt"/>
      <line num="68" count="5" type="cond" truecount="0" falsecount="1"/>
      <line num="69" count="0" type="stmt"/>
      <line num="70" count="0" type="stmt"/>
      <line num="71" count="5" type="stmt"/>
      <line num="72" count="5" type="stmt"/>
      <line num="75" count="5" type="stmt"/>
      <line num="76" count="5" type="stmt"/>
      <line num="77" count="5" type="cond" truecount="1" falsecount="1"/>
      <line num="78" count="3" type="stmt"/>
      <line num="79" count="3" type="cond" truecount="1" falsecount="0"/>
      <line num="80" count="1" type="cond" truecount="1" falsecount="0"/>
      <line num="81" count="3" type="cond" truecount="1" falsecount="0"/>
      <line num="82" count="2" type="cond" truecount="1" falsecount="1"/>
      <line num="83" count="3" type="stmt"/>
      <line num="84" count="3" type="stmt"/>
      <line num="85" count="2" type="stmt"/>
      <line num="86" count="3" type="stmt"/>
      <line num="87" count="3" type="stmt"/>
      <line num="88" count="3" type="stmt"/>
      <line num="89" count="3" type="cond" truecount="1" falsecount="1"/>
      <line num="90" count="3" type="stmt"/>
      <line num="91" count="3" type="stmt"/>
      <line num="92" count="3" type="cond" truecount="1" falsecount="0"/>
      <line num="93" count="4" type="stmt"/>
      <line num="94" count="5" type="cond" truecount="1" falsecount="0"/>
      <line num="95" count="5" type="cond" truecount="1" falsecount="0"/>
      <line num="96" count="5" type="cond" truecount="1" falsecount="0"/>
      <line num="97" count="1" type="stmt"/>
      <line num="98" count="1" type="stmt"/>
      <line num="99" count="5" type="stmt"/>
      <line num="101" count="1" type="cond" truecount="1" falsecount="0"/>
      <line num="102" count="2" type="cond" truecount="1" falsecount="0"/>
      <line num="103" count="2" type="stmt"/>
      <line num="104" count="2" type="stmt"/>
      <line num="106" count="1" type="cond" truecount="1" falsecount="0"/>
      <line num="107" count="2" type="stmt"/>
      <line num="108" count="2" type="stmt"/>
      <line num="109" count="2" type="stmt"/>
      <line num="111" count="1" type="cond" truecount="1" falsecount="0"/>
      <line num="112" count="25" type="cond" truecount="1" falsecount="0"/>
      <line num="114" count="25" type="cond" truecount="1" falsecount="0"/>
      <line num="115" count="25" type="cond" truecount="1" falsecount="0"/>
      <line num="116" count="25" type="stmt"/>
      <line num="118" count="1" type="cond" truecount="1" falsecount="0"/>
      <line num="119" count="25" type="cond" truecount="2" falsecount="0"/>
      <line num="120" count="20" type="stmt"/>
      <line num="121" count="20" type="stmt"/>
      <line num="122" count="20" type="stmt"/>
      <line num="123" count="20" type="stmt"/>
      <line num="124" count="20" type="stmt"/>
      <line num="125" count="20" type="stmt"/>
      <line num="126" count="25" type="cond" truecount="1" falsecount="0"/>
      <line num="127" count="18" type="stmt"/>
      <line num="128" count="18" type="stmt"/>
      <line num="129" count="18" type="stmt"/>
      <line num="130" count="18" type="stmt"/>
      <line num="131" count="18" type="cond" truecount="1" falsecount="0"/>
      <line num="132" count="20" type="stmt"/>
      <line num="133" count="20" type="stmt"/>
      <line num="134" count="20" type="stmt"/>
      <line num="135" count="20" type="cond" truecount="1" falsecount="0"/>
      <line num="136" count="18" type="stmt"/>
      <line num="137" count="25" type="cond" truecount="0" falsecount="1"/>
      <line num="138" count="0" type="stmt"/>
      <line num="139" count="0" type="stmt"/>
      <line num="140" count="0" type="stmt"/>
      <line num="141" count="25" type="stmt"/>
      <line num="143" count="1" type="cond" truecount="1" falsecount="0"/>
      <line num="144" count="55" type="stmt"/>
      <line num="145" count="55" type="cond" truecount="1" falsecount="0"/>
      <line num="146" count="34" type="stmt"/>
      <line num="147" count="34" type="stmt"/>
      <line num="148" count="34" type="stmt"/>
      <line num="149" count="55" type="stmt"/>
      <line num="150" count="55" type="stmt"/>
      <line num="152" count="1" type="cond" truecount="1" falsecount="0"/>
      <line num="153" count="47" type="cond" truecount="2" falsecount="0"/>
      <line num="154" count="47" type="stmt"/>
      <line num="156" count="1" type="cond" truecount="1" falsecount="0"/>
      <line num="157" count="19" type="stmt"/>
      <line num="158" count="19" type="stmt"/>
      <line num="159" count="19" type="stmt"/>
      <line num="160" count="19" type="stmt"/>
      <line num="161" count="19" type="stmt"/>
      <line num="162" count="19" type="stmt"/>
      <line num="163" count="19" type="stmt"/>
      <line num="169" count="1" type="cond" truecount="1" falsecount="0"/>
      <line num="170" count="1" type="stmt"/>
      <line num="171" count="1" type="stmt"/>
      <line num="172" count="1" type="stmt"/>
      <line num="173" count="1" type="cond" truecount="0" falsecount="1"/>
      <line num="174" count="1" type="stmt"/>
      <line num="175" count="1" type="stmt"/>
      <line num="176" count="1" type="stmt"/>
      <line num="177" count="1" type="stmt"/>
      <line num="178" count="1" type="stmt"/>
      <line num="179" count="1" type="stmt"/>
      <line num="180" count="1" type="stmt"/>
      <line num="182" count="1" type="cond" truecount="1" falsecount="0"/>
      <line num="183" count="54" type="cond" truecount="1" falsecount="0"/>
      <line num="184" count="54" type="stmt"/>
      <line num="186" count="1" type="cond" truecount="1" falsecount="0"/>
      <line num="187" count="25" type="stmt"/>
      <line num="188" count="25" type="stmt"/>
      <line num="189" count="25" type="stmt"/>
      <line num="191" count="1" type="cond" truecount="1" falsecount="0"/>
      <line num="192" count="11" type="stmt"/>
      <line num="193" count="11" type="stmt"/>
      <line num="196" count="1" type="cond" truecount="1" falsecount="0"/>
      <line num="197" count="17" type="stmt"/>
      <line num="198" count="17" type="stmt"/>
      <line num="199" count="17" type="stmt"/>
      <line num="202" count="1" type="cond" truecount="1" falsecount="0"/>
      <line num="203" count="11" type="stmt"/>
      <line num="204" count="11" type="stmt"/>
      <line num="205" count="11" type="cond" truecount="2" falsecount="0"/>
      <line num="206" count="11" type="cond" truecount="1" falsecount="0"/>
      <line num="207" count="1" type="stmt"/>
      <line num="208" count="1" type="stmt"/>
      <line num="209" count="1" type="stmt"/>
      <line num="210" count="1" type="cond" truecount="1" falsecount="0"/>
      <line num="211" count="4" type="stmt"/>
      <line num="212" count="11" type="stmt"/>
      <line num="214" count="1" type="cond" truecount="1" falsecount="0"/>
      <line num="215" count="17" type="stmt"/>
      <line num="216" count="17" type="stmt"/>
      <line num="217" count="17" type="stmt"/>
      <line num="219" count="1" type="cond" truecount="1" falsecount="0"/>
      <line num="220" count="9" type="stmt"/>
      <line num="221" count="9" type="stmt"/>
      <line num="223" count="1" type="cond" truecount="1" falsecount="0"/>
      <line num="224" count="5" type="stmt"/>
      <line num="225" count="5" type="stmt"/>
      <line num="227" count="1" type="cond" truecount="1" falsecount="0"/>
      <line num="228" count="3" type="stmt"/>
      <line num="229" count="3" type="stmt"/>
      <line num="231" count="1" type="cond" truecount="1" falsecount="0"/>
      <line num="232" count="14" type="stmt"/>
      <line num="233" count="14" type="cond" truecount="1" falsecount="0"/>
      <line num="234" count="6" type="cond" truecount="2" falsecount="0"/>
      <line num="235" count="5" type="stmt"/>
      <line num="236" count="5" type="stmt"/>
      <line num="237" count="5" type="stmt"/>
      <line num="238" count="5" type="stmt"/>
      <line num="239" count="5" type="stmt"/>
      <line num="240" count="5" type="stmt"/>
      <line num="241" count="5" type="stmt"/>
      <line num="242" count="14" type="stmt"/>
      <line num="243" count="14" type="stmt"/>
      <line num="246" count="1" type="cond" truecount="1" falsecount="0"/>
      <line num="247" count="14" type="cond" truecount="1" falsecount="0"/>
      <line num="248" count="3" type="cond" truecount="1" falsecount="0"/>
      <line num="249" count="2" type="stmt"/>
      <line num="250" count="2" type="stmt"/>
      <line num="251" count="2" type="stmt"/>
      <line num="252" count="3" type="stmt"/>
      <line num="253" count="14" type="stmt"/>
      <line num="254" count="14" type="cond" truecount="1" falsecount="0"/>
      <line num="255" count="13" type="cond" truecount="1" falsecount="0"/>
      <line num="256" count="10" type="cond" truecount="1" falsecount="0"/>
      <line num="257" count="10" type="stmt"/>
      <line num="258" count="13" type="stmt"/>
      <line num="259" count="14" type="stmt"/>
      <line num="260" count="14" type="stmt"/>
      <line num="261" count="1" type="stmt"/>
    </file>
    <file name="telegram.ts" path="Z:\bots\motion-captcha-bot\src\telegram.ts">
      <metrics statements="20" coveredstatements="20" conditionals="16" coveredconditionals="16" methods="2" coveredmethods="2"/>
      <line num="17" count="1" type="stmt"/>
      <line num="19" count="95" type="cond" truecount="1" falsecount="0"/>
      <line num="20" count="95" type="stmt"/>
      <line num="21" count="95" type="cond" truecount="1" falsecount="0"/>
      <line num="22" count="98" type="stmt"/>
      <line num="23" count="98" type="stmt"/>
      <line num="24" count="98" type="cond" truecount="1" falsecount="0"/>
      <line num="25" count="13" type="stmt"/>
      <line num="26" count="13" type="cond" truecount="3" falsecount="0"/>
      <line num="27" count="13" type="cond" truecount="2" falsecount="0"/>
      <line num="28" count="13" type="cond" truecount="4" falsecount="0"/>
      <line num="29" count="4" type="stmt"/>
      <line num="30" count="4" type="cond" truecount="1" falsecount="0"/>
      <line num="31" count="4" type="stmt"/>
      <line num="32" count="98" type="cond" truecount="1" falsecount="0"/>
      <line num="33" count="4" type="stmt"/>
      <line num="34" count="4" type="stmt"/>
      <line num="36" count="29" type="cond" truecount="1" falsecount="0"/>
      <line num="37" count="29" type="cond" truecount="1" falsecount="0"/>
      <line num="38" count="29" type="stmt"/>
    </file>
    <file name="wiring.ts" path="Z:\bots\motion-captcha-bot\src\wiring.ts">
      <metrics statements="93" coveredstatements="93" conditionals="51" coveredconditionals="46" methods="4" coveredmethods="4"/>
      <line num="3" count="1" type="stmt"/>
      <line num="21" count="4" type="cond" truecount="1" falsecount="0"/>
      <line num="22" count="4" type="stmt"/>
      <line num="23" count="4" type="stmt"/>
      <line num="30" count="5" type="cond" truecount="1" falsecount="0"/>
      <line num="32" count="5" type="stmt"/>
      <line num="33" count="5" type="stmt"/>
      <line num="34" count="5" type="stmt"/>
      <line num="35" count="5" type="stmt"/>
      <line num="36" count="5" type="cond" truecount="2" falsecount="0"/>
      <line num="37" count="3" type="cond" truecount="2" falsecount="0"/>
      <line num="38" count="3" type="cond" truecount="2" falsecount="0"/>
      <line num="39" count="2" type="cond" truecount="1" falsecount="0"/>
      <line num="40" count="5" type="cond" truecount="2" falsecount="0"/>
      <line num="41" count="4" type="stmt"/>
      <line num="42" count="4" type="stmt"/>
      <line num="45" count="1" type="cond" truecount="1" falsecount="0"/>
      <line num="46" count="17" type="stmt"/>
      <line num="47" count="17" type="cond" truecount="0" falsecount="1"/>
      <line num="51" count="17" type="cond" truecount="1" falsecount="0"/>
      <line num="52" count="16" type="stmt"/>
      <line num="53" count="16" type="cond" truecount="3" falsecount="0"/>
      <line num="54" count="15" type="stmt"/>
      <line num="55" count="17" type="stmt"/>
      <line num="60" count="17" type="cond" truecount="1" falsecount="0"/>
      <line num="61" count="4" type="cond" truecount="1" falsecount="0"/>
      <line num="62" count="5" type="cond" truecount="0" falsecount="1"/>
      <line num="63" count="5" type="cond" truecount="1" falsecount="0"/>
      <line num="64" count="3" type="stmt"/>
      <line num="65" count="3" type="stmt"/>
      <line num="66" count="3" type="cond" truecount="1" falsecount="0"/>
      <line num="67" count="2" type="stmt"/>
      <line num="68" count="4" type="stmt"/>
      <line num="69" count="4" type="stmt"/>
      <line num="73" count="17" type="cond" truecount="1" falsecount="0"/>
      <line num="76" count="17" type="cond" truecount="1" falsecount="0"/>
      <line num="77" count="8" type="stmt"/>
      <line num="78" count="8" type="stmt"/>
      <line num="79" count="8" type="stmt"/>
      <line num="80" count="8" type="stmt"/>
      <line num="81" count="8" type="stmt"/>
      <line num="83" count="8" type="cond" truecount="2" falsecount="1"/>
      <line num="84" count="8" type="cond" truecount="1" falsecount="0"/>
      <line num="85" count="8" type="cond" truecount="1" falsecount="0"/>
      <line num="87" count="8" type="cond" truecount="1" falsecount="0"/>
      <line num="88" count="5" type="stmt"/>
      <line num="89" count="5" type="stmt"/>
      <line num="90" count="5" type="stmt"/>
      <line num="91" count="5" type="stmt"/>
      <line num="92" count="5" type="stmt"/>
      <line num="93" count="5" type="stmt"/>
      <line num="94" count="5" type="stmt"/>
      <line num="95" count="5" type="cond" truecount="1" falsecount="0"/>
      <line num="96" count="8" type="cond" truecount="2" falsecount="0"/>
      <line num="97" count="1" type="stmt"/>
      <line num="98" count="1" type="cond" truecount="1" falsecount="0"/>
      <line num="100" count="8" type="cond" truecount="2" falsecount="0"/>
      <line num="101" count="17" type="stmt"/>
      <line num="103" count="17" type="cond" truecount="1" falsecount="0"/>
      <line num="104" count="3" type="cond" truecount="2" falsecount="0"/>
      <line num="105" count="2" type="cond" truecount="1" falsecount="0"/>
      <line num="106" count="1" type="stmt"/>
      <line num="107" count="17" type="stmt"/>
      <line num="110" count="17" type="cond" truecount="1" falsecount="0"/>
      <line num="111" count="1" type="cond" truecount="0" falsecount="1"/>
      <line num="112" count="1" type="cond" truecount="0" falsecount="1"/>
      <line num="113" count="1" type="stmt"/>
      <line num="114" count="1" type="stmt"/>
      <line num="115" count="1" type="stmt"/>
      <line num="116" count="1" type="stmt"/>
      <line num="117" count="1" type="stmt"/>
      <line num="118" count="1" type="stmt"/>
      <line num="119" count="1" type="stmt"/>
      <line num="120" count="17" type="stmt"/>
      <line num="122" count="17" type="cond" truecount="1" falsecount="0"/>
      <line num="123" count="17" type="stmt"/>
      <line num="126" count="1" type="stmt"/>
      <line num="132" count="1" type="cond" truecount="1" falsecount="0"/>
      <line num="133" count="3" type="stmt"/>
      <line num="134" count="3" type="stmt"/>
      <line num="135" count="3" type="stmt"/>
      <line num="136" count="3" type="stmt"/>
      <line num="137" count="3" type="cond" truecount="1" falsecount="0"/>
      <line num="138" count="6" type="cond" truecount="2" falsecount="0"/>
      <line num="139" count="5" type="stmt"/>
      <line num="140" count="5" type="stmt"/>
      <line num="141" count="5" type="cond" truecount="1" falsecount="0"/>
      <line num="142" count="5" type="cond" truecount="1" falsecount="0"/>
      <line num="143" count="5" type="cond" truecount="1" falsecount="0"/>
      <line num="144" count="4" type="stmt"/>
      <line num="145" count="5" type="stmt"/>
      <line num="146" count="6" type="stmt"/>
      <line num="147" count="3" type="stmt"/>
    </file>
  </project>
</coverage>
