{"Z:\\bots\\motion-captcha-bot\\src\\captcha.ts": {"path":"Z:\\bots\\motion-captcha-bot\\src\\captcha.ts","all":false,"statementMap":{"0":{"start":{"line":1,"column":0},"end":{"line":1,"column":43}},"2":{"start":{"line":3,"column":0},"end":{"line":3,"column":46}},"25":{"start":{"line":26,"column":0},"end":{"line":26,"column":25}},"26":{"start":{"line":27,"column":0},"end":{"line":27,"column":26}},"27":{"start":{"line":28,"column":0},"end":{"line":28,"column":22}},"43":{"start":{"line":44,"column":0},"end":{"line":44,"column":23}},"44":{"start":{"line":45,"column":0},"end":{"line":45,"column":21}},"45":{"start":{"line":46,"column":0},"end":{"line":46,"column":26}},"46":{"start":{"line":47,"column":0},"end":{"line":47,"column":17}},"47":{"start":{"line":48,"column":0},"end":{"line":48,"column":21}},"48":{"start":{"line":49,"column":0},"end":{"line":49,"column":23}},"51":{"start":{"line":52,"column":0},"end":{"line":52,"column":28}},"52":{"start":{"line":53,"column":0},"end":{"line":53,"column":29}},"53":{"start":{"line":54,"column":0},"end":{"line":54,"column":22}},"54":{"start":{"line":55,"column":0},"end":{"line":55,"column":27}},"55":{"start":{"line":56,"column":0},"end":{"line":56,"column":29}},"56":{"start":{"line":57,"column":0},"end":{"line":57,"column":21}},"59":{"start":{"line":60,"column":0},"end":{"line":60,"column":23}},"60":{"start":{"line":61,"column":0},"end":{"line":61,"column":21}},"61":{"start":{"line":62,"column":0},"end":{"line":62,"column":27}},"62":{"start":{"line":63,"column":0},"end":{"line":63,"column":27}},"63":{"start":{"line":64,"column":0},"end":{"line":64,"column":20}},"64":{"start":{"line":65,"column":0},"end":{"line":65,"column":19}},"65":{"start":{"line":66,"column":0},"end":{"line":66,"column":21}},"66":{"start":{"line":67,"column":0},"end":{"line":67,"column":23}},"67":{"start":{"line":68,"column":0},"end":{"line":68,"column":23}},"68":{"start":{"line":69,"column":0},"end":{"line":69,"column":26}},"69":{"start":{"line":70,"column":0},"end":{"line":70,"column":18}},"70":{"start":{"line":71,"column":0},"end":{"line":71,"column":15}},"76":{"start":{"line":77,"column":0},"end":{"line":77,"column":22}},"78":{"start":{"line":79,"column":0},"end":{"line":79,"column":33}},"86":{"start":{"line":87,"column":0},"end":{"line":87,"column":58}},"87":{"start":{"line":88,"column":0},"end":{"line":88,"column":25}},"88":{"start":{"line":89,"column":0},"end":{"line":89,"column":16}},"89":{"start":{"line":90,"column":0},"end":{"line":90,"column":37}},"90":{"start":{"line":91,"column":0},"end":{"line":91,"column":22}},"91":{"start":{"line":92,"column":0},"end":{"line":92,"column":57}},"92":{"start":{"line":93,"column":0},"end":{"line":93,"column":66}},"93":{"start":{"line":94,"column":0},"end":{"line":94,"column":60}},"94":{"start":{"line":95,"column":0},"end":{"line":95,"column":4}},"95":{"start":{"line":96,"column":0},"end":{"line":96,"column":1}},"105":{"start":{"line":106,"column":0},"end":{"line":106,"column":31}},"106":{"start":{"line":107,"column":0},"end":{"line":107,"column":37}},"107":{"start":{"line":108,"column":0},"end":{"line":108,"column":28}},"108":{"start":{"line":109,"column":0},"end":{"line":109,"column":12}},"109":{"start":{"line":110,"column":0},"end":{"line":110,"column":36}},"110":{"start":{"line":111,"column":0},"end":{"line":111,"column":38}},"111":{"start":{"line":112,"column":0},"end":{"line":112,"column":46}},"112":{"start":{"line":113,"column":0},"end":{"line":113,"column":46}},"113":{"start":{"line":114,"column":0},"end":{"line":114,"column":50}},"114":{"start":{"line":115,"column":0},"end":{"line":115,"column":1}},"117":{"start":{"line":118,"column":0},"end":{"line":118,"column":26}},"118":{"start":{"line":119,"column":0},"end":{"line":119,"column":21}},"119":{"start":{"line":120,"column":0},"end":{"line":120,"column":37}},"120":{"start":{"line":121,"column":0},"end":{"line":121,"column":28}},"121":{"start":{"line":122,"column":0},"end":{"line":122,"column":12}},"122":{"start":{"line":123,"column":0},"end":{"line":123,"column":12}},"123":{"start":{"line":124,"column":0},"end":{"line":124,"column":49}},"124":{"start":{"line":125,"column":0},"end":{"line":125,"column":50}},"125":{"start":{"line":126,"column":0},"end":{"line":126,"column":3}},"126":{"start":{"line":127,"column":0},"end":{"line":127,"column":1}},"128":{"start":{"line":129,"column":0},"end":{"line":129,"column":58}},"129":{"start":{"line":130,"column":0},"end":{"line":130,"column":26}},"130":{"start":{"line":131,"column":0},"end":{"line":131,"column":35}},"131":{"start":{"line":132,"column":0},"end":{"line":132,"column":36}},"132":{"start":{"line":133,"column":0},"end":{"line":133,"column":37}},"133":{"start":{"line":134,"column":0},"end":{"line":134,"column":41}},"134":{"start":{"line":135,"column":0},"end":{"line":135,"column":40}},"135":{"start":{"line":136,"column":0},"end":{"line":136,"column":42}},"136":{"start":{"line":137,"column":0},"end":{"line":137,"column":28}},"137":{"start":{"line":138,"column":0},"end":{"line":138,"column":28}},"138":{"start":{"line":139,"column":0},"end":{"line":139,"column":88}},"139":{"start":{"line":140,"column":0},"end":{"line":140,"column":9}},"140":{"start":{"line":141,"column":0},"end":{"line":141,"column":7}},"141":{"start":{"line":142,"column":0},"end":{"line":142,"column":5}},"142":{"start":{"line":143,"column":0},"end":{"line":143,"column":3}},"143":{"start":{"line":144,"column":0},"end":{"line":144,"column":13}},"144":{"start":{"line":145,"column":0},"end":{"line":145,"column":1}},"146":{"start":{"line":147,"column":0},"end":{"line":147,"column":57}},"147":{"start":{"line":148,"column":0},"end":{"line":148,"column":51}},"148":{"start":{"line":149,"column":0},"end":{"line":149,"column":25}},"149":{"start":{"line":150,"column":0},"end":{"line":150,"column":6}},"150":{"start":{"line":151,"column":0},"end":{"line":151,"column":79}},"151":{"start":{"line":152,"column":0},"end":{"line":152,"column":4}},"152":{"start":{"line":153,"column":0},"end":{"line":153,"column":43}},"153":{"start":{"line":154,"column":0},"end":{"line":154,"column":57}},"154":{"start":{"line":155,"column":0},"end":{"line":155,"column":59}},"155":{"start":{"line":156,"column":0},"end":{"line":156,"column":46}},"156":{"start":{"line":157,"column":0},"end":{"line":157,"column":43}},"157":{"start":{"line":158,"column":0},"end":{"line":158,"column":44}},"158":{"start":{"line":159,"column":0},"end":{"line":159,"column":93}},"159":{"start":{"line":160,"column":0},"end":{"line":160,"column":5}},"160":{"start":{"line":161,"column":0},"end":{"line":161,"column":3}},"162":{"start":{"line":163,"column":0},"end":{"line":163,"column":45}},"163":{"start":{"line":164,"column":0},"end":{"line":164,"column":1}},"166":{"start":{"line":167,"column":0},"end":{"line":167,"column":96}},"167":{"start":{"line":168,"column":0},"end":{"line":168,"column":78}},"168":{"start":{"line":169,"column":0},"end":{"line":169,"column":1}},"170":{"start":{"line":171,"column":0},"end":{"line":171,"column":83}},"171":{"start":{"line":172,"column":0},"end":{"line":172,"column":42}},"172":{"start":{"line":173,"column":0},"end":{"line":173,"column":97}},"173":{"start":{"line":174,"column":0},"end":{"line":174,"column":13}},"174":{"start":{"line":175,"column":0},"end":{"line":175,"column":1}},"177":{"start":{"line":178,"column":0},"end":{"line":178,"column":21}},"178":{"start":{"line":179,"column":0},"end":{"line":179,"column":19}},"179":{"start":{"line":180,"column":0},"end":{"line":180,"column":15}},"180":{"start":{"line":181,"column":0},"end":{"line":181,"column":17}},"181":{"start":{"line":182,"column":0},"end":{"line":182,"column":23}},"182":{"start":{"line":183,"column":0},"end":{"line":183,"column":17}},"183":{"start":{"line":184,"column":0},"end":{"line":184,"column":93}},"184":{"start":{"line":185,"column":0},"end":{"line":185,"column":40}},"185":{"start":{"line":186,"column":0},"end":{"line":186,"column":39}},"186":{"start":{"line":187,"column":0},"end":{"line":187,"column":52}},"187":{"start":{"line":188,"column":0},"end":{"line":188,"column":53}},"189":{"start":{"line":190,"column":0},"end":{"line":190,"column":34}},"190":{"start":{"line":191,"column":0},"end":{"line":191,"column":41}},"191":{"start":{"line":192,"column":0},"end":{"line":192,"column":49}},"192":{"start":{"line":193,"column":0},"end":{"line":193,"column":18}},"193":{"start":{"line":194,"column":0},"end":{"line":194,"column":18}},"194":{"start":{"line":195,"column":0},"end":{"line":195,"column":24}},"195":{"start":{"line":196,"column":0},"end":{"line":196,"column":77}},"196":{"start":{"line":197,"column":0},"end":{"line":197,"column":18}},"197":{"start":{"line":198,"column":0},"end":{"line":198,"column":18}},"198":{"start":{"line":199,"column":0},"end":{"line":199,"column":40}},"199":{"start":{"line":200,"column":0},"end":{"line":200,"column":84}},"200":{"start":{"line":201,"column":0},"end":{"line":201,"column":50}},"201":{"start":{"line":202,"column":0},"end":{"line":202,"column":51}},"202":{"start":{"line":203,"column":0},"end":{"line":203,"column":57}},"203":{"start":{"line":204,"column":0},"end":{"line":204,"column":38}},"204":{"start":{"line":205,"column":0},"end":{"line":205,"column":39}},"205":{"start":{"line":206,"column":0},"end":{"line":206,"column":42}},"206":{"start":{"line":207,"column":0},"end":{"line":207,"column":26}},"207":{"start":{"line":208,"column":0},"end":{"line":208,"column":26}},"208":{"start":{"line":209,"column":0},"end":{"line":209,"column":23}},"209":{"start":{"line":210,"column":0},"end":{"line":210,"column":57}},"210":{"start":{"line":211,"column":0},"end":{"line":211,"column":44}},"211":{"start":{"line":212,"column":0},"end":{"line":212,"column":20}},"212":{"start":{"line":213,"column":0},"end":{"line":213,"column":48}},"213":{"start":{"line":214,"column":0},"end":{"line":214,"column":57}},"214":{"start":{"line":215,"column":0},"end":{"line":215,"column":77}},"215":{"start":{"line":216,"column":0},"end":{"line":216,"column":56}},"216":{"start":{"line":217,"column":0},"end":{"line":217,"column":7}},"217":{"start":{"line":218,"column":0},"end":{"line":218,"column":5}},"218":{"start":{"line":219,"column":0},"end":{"line":219,"column":23}},"219":{"start":{"line":220,"column":0},"end":{"line":220,"column":3}},"220":{"start":{"line":221,"column":0},"end":{"line":221,"column":16}},"221":{"start":{"line":222,"column":0},"end":{"line":222,"column":1}},"230":{"start":{"line":231,"column":0},"end":{"line":231,"column":48}},"231":{"start":{"line":232,"column":0},"end":{"line":232,"column":25}},"232":{"start":{"line":233,"column":0},"end":{"line":233,"column":59}},"233":{"start":{"line":234,"column":0},"end":{"line":234,"column":60}},"234":{"start":{"line":235,"column":0},"end":{"line":235,"column":17}},"235":{"start":{"line":236,"column":0},"end":{"line":236,"column":53}},"236":{"start":{"line":237,"column":0},"end":{"line":237,"column":53}},"237":{"start":{"line":238,"column":0},"end":{"line":238,"column":46}},"238":{"start":{"line":239,"column":0},"end":{"line":239,"column":51}},"239":{"start":{"line":240,"column":0},"end":{"line":240,"column":9}},"240":{"start":{"line":241,"column":0},"end":{"line":241,"column":5}},"241":{"start":{"line":242,"column":0},"end":{"line":242,"column":3}},"242":{"start":{"line":243,"column":0},"end":{"line":243,"column":14}},"243":{"start":{"line":244,"column":0},"end":{"line":244,"column":1}},"246":{"start":{"line":247,"column":0},"end":{"line":247,"column":66}},"247":{"start":{"line":248,"column":0},"end":{"line":248,"column":28}},"248":{"start":{"line":249,"column":0},"end":{"line":249,"column":19}},"249":{"start":{"line":250,"column":0},"end":{"line":250,"column":30}},"250":{"start":{"line":251,"column":0},"end":{"line":251,"column":48}},"251":{"start":{"line":252,"column":0},"end":{"line":252,"column":40}},"252":{"start":{"line":253,"column":0},"end":{"line":253,"column":59}},"253":{"start":{"line":254,"column":0},"end":{"line":254,"column":51}},"254":{"start":{"line":255,"column":0},"end":{"line":255,"column":62}},"255":{"start":{"line":256,"column":0},"end":{"line":256,"column":65}},"256":{"start":{"line":257,"column":0},"end":{"line":257,"column":89}},"257":{"start":{"line":258,"column":0},"end":{"line":258,"column":5}},"258":{"start":{"line":259,"column":0},"end":{"line":259,"column":3}},"259":{"start":{"line":260,"column":0},"end":{"line":260,"column":1}},"267":{"start":{"line":268,"column":0},"end":{"line":268,"column":91}},"268":{"start":{"line":269,"column":0},"end":{"line":269,"column":32}},"270":{"start":{"line":271,"column":0},"end":{"line":271,"column":34}},"271":{"start":{"line":272,"column":0},"end":{"line":272,"column":40}},"272":{"start":{"line":273,"column":0},"end":{"line":273,"column":40}},"273":{"start":{"line":274,"column":0},"end":{"line":274,"column":19}},"274":{"start":{"line":275,"column":0},"end":{"line":275,"column":98}},"275":{"start":{"line":276,"column":0},"end":{"line":276,"column":18}},"276":{"start":{"line":277,"column":0},"end":{"line":277,"column":18}},"277":{"start":{"line":278,"column":0},"end":{"line":278,"column":30}},"278":{"start":{"line":279,"column":0},"end":{"line":279,"column":68}},"279":{"start":{"line":280,"column":0},"end":{"line":280,"column":49}},"280":{"start":{"line":281,"column":0},"end":{"line":281,"column":51}},"281":{"start":{"line":282,"column":0},"end":{"line":282,"column":57}},"282":{"start":{"line":283,"column":0},"end":{"line":283,"column":42}},"283":{"start":{"line":284,"column":0},"end":{"line":284,"column":36}},"284":{"start":{"line":285,"column":0},"end":{"line":285,"column":36}},"285":{"start":{"line":286,"column":0},"end":{"line":286,"column":60}},"286":{"start":{"line":287,"column":0},"end":{"line":287,"column":37}},"287":{"start":{"line":288,"column":0},"end":{"line":288,"column":16}},"288":{"start":{"line":289,"column":0},"end":{"line":289,"column":6}},"289":{"start":{"line":290,"column":0},"end":{"line":290,"column":61}},"290":{"start":{"line":291,"column":0},"end":{"line":291,"column":29}},"291":{"start":{"line":292,"column":0},"end":{"line":292,"column":66}},"292":{"start":{"line":293,"column":0},"end":{"line":293,"column":50}},"293":{"start":{"line":294,"column":0},"end":{"line":294,"column":5}},"294":{"start":{"line":295,"column":0},"end":{"line":295,"column":29}},"295":{"start":{"line":296,"column":0},"end":{"line":296,"column":65}},"296":{"start":{"line":297,"column":0},"end":{"line":297,"column":49}},"297":{"start":{"line":298,"column":0},"end":{"line":298,"column":5}},"298":{"start":{"line":299,"column":0},"end":{"line":299,"column":23}},"299":{"start":{"line":300,"column":0},"end":{"line":300,"column":3}},"300":{"start":{"line":301,"column":0},"end":{"line":301,"column":16}},"301":{"start":{"line":302,"column":0},"end":{"line":302,"column":1}},"304":{"start":{"line":305,"column":0},"end":{"line":305,"column":29}},"305":{"start":{"line":306,"column":0},"end":{"line":306,"column":19}},"306":{"start":{"line":307,"column":0},"end":{"line":307,"column":30}},"307":{"start":{"line":308,"column":0},"end":{"line":308,"column":47}},"308":{"start":{"line":309,"column":0},"end":{"line":309,"column":97}},"309":{"start":{"line":310,"column":0},"end":{"line":310,"column":35}},"310":{"start":{"line":311,"column":0},"end":{"line":311,"column":16}},"311":{"start":{"line":312,"column":0},"end":{"line":312,"column":20}},"312":{"start":{"line":313,"column":0},"end":{"line":313,"column":40}},"313":{"start":{"line":314,"column":0},"end":{"line":314,"column":65}},"315":{"start":{"line":316,"column":0},"end":{"line":316,"column":73}},"316":{"start":{"line":317,"column":0},"end":{"line":317,"column":31}},"317":{"start":{"line":318,"column":0},"end":{"line":318,"column":20}},"318":{"start":{"line":319,"column":0},"end":{"line":319,"column":46}},"319":{"start":{"line":320,"column":0},"end":{"line":320,"column":74}},"320":{"start":{"line":321,"column":0},"end":{"line":321,"column":7}},"321":{"start":{"line":322,"column":0},"end":{"line":322,"column":5}},"322":{"start":{"line":323,"column":0},"end":{"line":323,"column":23}},"323":{"start":{"line":324,"column":0},"end":{"line":324,"column":46}},"324":{"start":{"line":325,"column":0},"end":{"line":325,"column":43}},"325":{"start":{"line":326,"column":0},"end":{"line":326,"column":18}},"326":{"start":{"line":327,"column":0},"end":{"line":327,"column":26}},"327":{"start":{"line":328,"column":0},"end":{"line":328,"column":87}},"328":{"start":{"line":329,"column":0},"end":{"line":329,"column":37}},"329":{"start":{"line":330,"column":0},"end":{"line":330,"column":25}},"330":{"start":{"line":331,"column":0},"end":{"line":331,"column":27}},"331":{"start":{"line":332,"column":0},"end":{"line":332,"column":7}},"332":{"start":{"line":333,"column":0},"end":{"line":333,"column":5}},"333":{"start":{"line":334,"column":0},"end":{"line":334,"column":3}},"334":{"start":{"line":335,"column":0},"end":{"line":335,"column":26}},"335":{"start":{"line":336,"column":0},"end":{"line":336,"column":1}},"338":{"start":{"line":339,"column":0},"end":{"line":339,"column":38}},"339":{"start":{"line":340,"column":0},"end":{"line":340,"column":19}},"340":{"start":{"line":341,"column":0},"end":{"line":341,"column":24}},"341":{"start":{"line":342,"column":0},"end":{"line":342,"column":30}},"342":{"start":{"line":343,"column":0},"end":{"line":343,"column":24}},"343":{"start":{"line":344,"column":0},"end":{"line":344,"column":53}},"345":{"start":{"line":346,"column":0},"end":{"line":346,"column":16}},"346":{"start":{"line":347,"column":0},"end":{"line":347,"column":21}},"347":{"start":{"line":348,"column":0},"end":{"line":348,"column":23}},"348":{"start":{"line":349,"column":0},"end":{"line":349,"column":31}},"349":{"start":{"line":350,"column":0},"end":{"line":350,"column":22}},"350":{"start":{"line":351,"column":0},"end":{"line":351,"column":14}},"352":{"start":{"line":353,"column":0},"end":{"line":353,"column":22}},"353":{"start":{"line":354,"column":0},"end":{"line":354,"column":26}},"354":{"start":{"line":355,"column":0},"end":{"line":355,"column":17}},"355":{"start":{"line":356,"column":0},"end":{"line":356,"column":26}},"356":{"start":{"line":357,"column":0},"end":{"line":357,"column":44}},"357":{"start":{"line":358,"column":0},"end":{"line":358,"column":16}},"358":{"start":{"line":359,"column":0},"end":{"line":359,"column":8}},"359":{"start":{"line":360,"column":0},"end":{"line":360,"column":4}},"361":{"start":{"line":362,"column":0},"end":{"line":362,"column":43}},"362":{"start":{"line":363,"column":0},"end":{"line":363,"column":79}},"363":{"start":{"line":364,"column":0},"end":{"line":364,"column":29}},"364":{"start":{"line":365,"column":0},"end":{"line":365,"column":20}},"365":{"start":{"line":366,"column":0},"end":{"line":366,"column":36}},"366":{"start":{"line":367,"column":0},"end":{"line":367,"column":28}},"367":{"start":{"line":368,"column":0},"end":{"line":368,"column":44}},"368":{"start":{"line":369,"column":0},"end":{"line":369,"column":26}},"370":{"start":{"line":371,"column":0},"end":{"line":371,"column":64}},"371":{"start":{"line":372,"column":0},"end":{"line":372,"column":48}},"372":{"start":{"line":373,"column":0},"end":{"line":373,"column":53}},"373":{"start":{"line":374,"column":0},"end":{"line":374,"column":7}},"374":{"start":{"line":375,"column":0},"end":{"line":375,"column":34}},"375":{"start":{"line":376,"column":0},"end":{"line":376,"column":26}},"376":{"start":{"line":377,"column":0},"end":{"line":377,"column":20}},"377":{"start":{"line":378,"column":0},"end":{"line":378,"column":7}},"378":{"start":{"line":379,"column":0},"end":{"line":379,"column":33}},"379":{"start":{"line":380,"column":0},"end":{"line":380,"column":26}},"380":{"start":{"line":381,"column":0},"end":{"line":381,"column":66}},"381":{"start":{"line":382,"column":0},"end":{"line":382,"column":87}},"382":{"start":{"line":383,"column":0},"end":{"line":383,"column":7}},"384":{"start":{"line":385,"column":0},"end":{"line":385,"column":57}},"385":{"start":{"line":386,"column":0},"end":{"line":386,"column":22}},"386":{"start":{"line":387,"column":0},"end":{"line":387,"column":5}},"387":{"start":{"line":388,"column":0},"end":{"line":388,"column":1}}},"s":{"0":1,"2":1,"25":1,"26":1,"27":1,"43":1,"44":1,"45":1,"46":1,"47":1,"48":1,"51":1,"52":1,"53":1,"54":1,"55":1,"56":1,"59":1,"60":1,"61":1,"62":1,"63":1,"64":1,"65":1,"66":1,"67":1,"68":1,"69":1,"70":1,"76":1,"78":1,"86":1,"87":9,"88":9,"89":5166362,"90":5166362,"91":5166362,"92":5166362,"93":5166362,"94":5166362,"95":9,"105":1,"106":252,"107":252,"108":252,"109":252,"110":252,"111":252,"112":252,"113":252,"114":252,"117":1,"118":75,"119":75,"120":75,"121":75,"122":75,"123":77,"124":77,"125":77,"126":75,"128":18,"129":18,"130":18,"131":18,"132":2880,"133":921600,"134":921600,"135":1830647,"136":19989697,"137":19989697,"138":19989697,"139":19989697,"140":1830647,"141":168337,"142":2880,"143":18,"144":18,"146":1,"147":18,"148":18,"149":18,"150":18,"151":18,"152":18,"153":18,"154":18,"155":18,"156":18,"157":1967,"158":534331,"159":534331,"160":1967,"162":18,"163":18,"166":600,"167":600,"168":600,"170":20,"171":20,"172":20,"173":20,"174":20,"177":10,"178":10,"179":10,"180":10,"181":10,"182":10,"183":10,"184":10,"185":10,"186":10,"187":10,"189":10,"190":10,"191":900,"192":900,"193":900,"194":720,"195":180,"196":900,"197":900,"198":720,"199":180,"200":900,"201":900,"202":900,"203":900,"204":144000,"205":46080000,"206":46080000,"207":46080000,"208":46080000,"209":46080000,"210":43572240,"211":2507760,"212":46080000,"213":46080000,"214":46080000,"215":46080000,"216":46080000,"217":144000,"218":900,"219":900,"220":10,"221":10,"230":4,"231":4,"232":4,"233":160,"234":12800,"235":12800,"236":12800,"237":12800,"238":12800,"239":12800,"240":12800,"241":160,"242":4,"243":4,"246":1536475,"247":1536475,"248":1536475,"249":1536475,"250":1536475,"251":3225808,"252":3221488,"253":3225808,"254":6859413,"255":6859413,"256":6859413,"257":6859413,"258":3221488,"259":1536475,"267":4,"268":4,"270":4,"271":4,"272":480,"273":480,"274":480,"275":480,"276":480,"277":360,"278":120,"279":480,"280":480,"281":480,"282":480,"283":3072000,"284":3072000,"285":3072000,"286":2903463,"287":168537,"288":3072000,"289":480,"290":480,"291":1536000,"292":1536000,"293":1536000,"294":480,"295":1536000,"296":1536000,"297":1536000,"298":480,"299":480,"300":480,"301":480,"304":1,"305":14,"306":14,"307":14,"308":14,"309":14,"310":14,"311":14,"312":4,"313":10,"315":14,"316":14,"317":1380,"318":180,"319":9216000,"320":9216000,"321":180,"322":1380,"323":90,"324":4608000,"325":230346,"326":230346,"327":0,"328":230346,"329":80346,"330":150000,"331":4608000,"332":90,"333":1380,"334":14,"335":14,"338":1,"339":1,"340":1,"341":1,"342":1,"343":1,"345":1,"346":1,"347":1,"348":1,"349":1,"350":1,"352":1,"353":1,"354":1,"355":1,"356":1,"357":1,"358":1,"359":1,"361":1,"362":1,"363":1,"364":1,"365":1,"366":0,"367":0,"368":1,"370":1,"371":1,"372":0,"373":1,"374":1,"375":1,"376":1,"377":1,"378":1,"379":1,"380":1,"381":1,"382":1,"384":1,"385":1,"386":1,"387":1},"branchMap":{"0":{"type":"branch","line":87,"loc":{"start":{"line":87,"column":7},"end":{"line":96,"column":1}},"locations":[{"start":{"line":87,"column":7},"end":{"line":96,"column":1}}]},"1":{"type":"branch","line":89,"loc":{"start":{"line":89,"column":9},"end":{"line":95,"column":4}},"locations":[{"start":{"line":89,"column":9},"end":{"line":95,"column":4}}]},"2":{"type":"branch","line":106,"loc":{"start":{"line":106,"column":7},"end":{"line":115,"column":1}},"locations":[{"start":{"line":106,"column":7},"end":{"line":115,"column":1}}]},"3":{"type":"branch","line":110,"loc":{"start":{"line":110,"column":25},"end":{"line":110,"column":34}},"locations":[{"start":{"line":110,"column":25},"end":{"line":110,"column":34}}]},"4":{"type":"branch","line":110,"loc":{"start":{"line":110,"column":29},"end":{"line":110,"column":36}},"locations":[{"start":{"line":110,"column":29},"end":{"line":110,"column":36}}]},"5":{"type":"branch","line":111,"loc":{"start":{"line":111,"column":26},"end":{"line":111,"column":35}},"locations":[{"start":{"line":111,"column":26},"end":{"line":111,"column":35}}]},"6":{"type":"branch","line":111,"loc":{"start":{"line":111,"column":30},"end":{"line":111,"column":38}},"locations":[{"start":{"line":111,"column":30},"end":{"line":111,"column":38}}]},"7":{"type":"branch","line":118,"loc":{"start":{"line":118,"column":7},"end":{"line":127,"column":1}},"locations":[{"start":{"line":118,"column":7},"end":{"line":127,"column":1}}]},"8":{"type":"branch","line":123,"loc":{"start":{"line":123,"column":11},"end":{"line":126,"column":3}},"locations":[{"start":{"line":123,"column":11},"end":{"line":126,"column":3}}]},"9":{"type":"branch","line":125,"loc":{"start":{"line":125,"column":37},"end":{"line":125,"column":50}},"locations":[{"start":{"line":125,"column":37},"end":{"line":125,"column":50}}]},"10":{"type":"branch","line":129,"loc":{"start":{"line":129,"column":0},"end":{"line":145,"column":1}},"locations":[{"start":{"line":129,"column":0},"end":{"line":145,"column":1}}]},"11":{"type":"branch","line":130,"loc":{"start":{"line":130,"column":14},"end":{"line":130,"column":26}},"locations":[{"start":{"line":130,"column":14},"end":{"line":130,"column":26}}]},"12":{"type":"branch","line":132,"loc":{"start":{"line":132,"column":35},"end":{"line":143,"column":3}},"locations":[{"start":{"line":132,"column":35},"end":{"line":143,"column":3}}]},"13":{"type":"branch","line":133,"loc":{"start":{"line":133,"column":36},"end":{"line":142,"column":5}},"locations":[{"start":{"line":133,"column":36},"end":{"line":142,"column":5}}]},"14":{"type":"branch","line":134,"loc":{"start":{"line":134,"column":32},"end":{"line":134,"column":41}},"locations":[{"start":{"line":134,"column":32},"end":{"line":134,"column":41}}]},"15":{"type":"branch","line":134,"loc":{"start":{"line":134,"column":32},"end":{"line":135,"column":39}},"locations":[{"start":{"line":134,"column":32},"end":{"line":135,"column":39}}]},"16":{"type":"branch","line":135,"loc":{"start":{"line":135,"column":39},"end":{"line":141,"column":7}},"locations":[{"start":{"line":135,"column":39},"end":{"line":141,"column":7}}]},"17":{"type":"branch","line":136,"loc":{"start":{"line":136,"column":41},"end":{"line":140,"column":9}},"locations":[{"start":{"line":136,"column":41},"end":{"line":140,"column":9}}]},"18":{"type":"branch","line":141,"loc":{"start":{"line":141,"column":6},"end":{"line":142,"column":5}},"locations":[{"start":{"line":141,"column":6},"end":{"line":142,"column":5}}]},"19":{"type":"branch","line":147,"loc":{"start":{"line":147,"column":7},"end":{"line":164,"column":1}},"locations":[{"start":{"line":147,"column":7},"end":{"line":164,"column":1}}]},"20":{"type":"branch","line":157,"loc":{"start":{"line":157,"column":42},"end":{"line":161,"column":3}},"locations":[{"start":{"line":157,"column":42},"end":{"line":161,"column":3}}]},"21":{"type":"branch","line":158,"loc":{"start":{"line":158,"column":43},"end":{"line":160,"column":5}},"locations":[{"start":{"line":158,"column":43},"end":{"line":160,"column":5}}]},"22":{"type":"branch","line":159,"loc":{"start":{"line":159,"column":45},"end":{"line":159,"column":93}},"locations":[{"start":{"line":159,"column":45},"end":{"line":159,"column":93}}]},"23":{"type":"branch","line":167,"loc":{"start":{"line":167,"column":0},"end":{"line":169,"column":1}},"locations":[{"start":{"line":167,"column":0},"end":{"line":169,"column":1}}]},"24":{"type":"branch","line":171,"loc":{"start":{"line":171,"column":0},"end":{"line":175,"column":1}},"locations":[{"start":{"line":171,"column":0},"end":{"line":175,"column":1}}]},"25":{"type":"branch","line":173,"loc":{"start":{"line":173,"column":39},"end":{"line":173,"column":97}},"locations":[{"start":{"line":173,"column":39},"end":{"line":173,"column":97}}]},"26":{"type":"branch","line":173,"loc":{"start":{"line":173,"column":59},"end":{"line":173,"column":86}},"locations":[{"start":{"line":173,"column":59},"end":{"line":173,"column":86}}]},"27":{"type":"branch","line":173,"loc":{"start":{"line":173,"column":74},"end":{"line":173,"column":97}},"locations":[{"start":{"line":173,"column":74},"end":{"line":173,"column":97}}]},"28":{"type":"branch","line":178,"loc":{"start":{"line":178,"column":0},"end":{"line":222,"column":1}},"locations":[{"start":{"line":178,"column":0},"end":{"line":222,"column":1}}]},"29":{"type":"branch","line":191,"loc":{"start":{"line":191,"column":40},"end":{"line":220,"column":3}},"locations":[{"start":{"line":191,"column":40},"end":{"line":220,"column":3}}]},"30":{"type":"branch","line":194,"loc":{"start":{"line":194,"column":17},"end":{"line":195,"column":24}},"locations":[{"start":{"line":194,"column":17},"end":{"line":195,"column":24}}]},"31":{"type":"branch","line":195,"loc":{"start":{"line":195,"column":14},"end":{"line":196,"column":77}},"locations":[{"start":{"line":195,"column":14},"end":{"line":196,"column":77}}]},"32":{"type":"branch","line":198,"loc":{"start":{"line":198,"column":17},"end":{"line":199,"column":40}},"locations":[{"start":{"line":198,"column":17},"end":{"line":199,"column":40}}]},"33":{"type":"branch","line":199,"loc":{"start":{"line":199,"column":30},"end":{"line":200,"column":84}},"locations":[{"start":{"line":199,"column":30},"end":{"line":200,"column":84}}]},"34":{"type":"branch","line":204,"loc":{"start":{"line":204,"column":37},"end":{"line":218,"column":5}},"locations":[{"start":{"line":204,"column":37},"end":{"line":218,"column":5}}]},"35":{"type":"branch","line":205,"loc":{"start":{"line":205,"column":38},"end":{"line":217,"column":7}},"locations":[{"start":{"line":205,"column":38},"end":{"line":217,"column":7}}]},"36":{"type":"branch","line":210,"loc":{"start":{"line":210,"column":16},"end":{"line":210,"column":35}},"locations":[{"start":{"line":210,"column":16},"end":{"line":210,"column":35}}]},"37":{"type":"branch","line":210,"loc":{"start":{"line":210,"column":26},"end":{"line":210,"column":46}},"locations":[{"start":{"line":210,"column":26},"end":{"line":210,"column":46}}]},"38":{"type":"branch","line":210,"loc":{"start":{"line":210,"column":41},"end":{"line":210,"column":57}},"locations":[{"start":{"line":210,"column":41},"end":{"line":210,"column":57}}]},"39":{"type":"branch","line":210,"loc":{"start":{"line":210,"column":51},"end":{"line":211,"column":44}},"locations":[{"start":{"line":210,"column":51},"end":{"line":211,"column":44}}]},"40":{"type":"branch","line":211,"loc":{"start":{"line":211,"column":43},"end":{"line":212,"column":20}},"locations":[{"start":{"line":211,"column":43},"end":{"line":212,"column":20}}]},"41":{"type":"branch","line":213,"loc":{"start":{"line":213,"column":22},"end":{"line":213,"column":41}},"locations":[{"start":{"line":213,"column":22},"end":{"line":213,"column":41}}]},"42":{"type":"branch","line":213,"loc":{"start":{"line":213,"column":32},"end":{"line":213,"column":48}},"locations":[{"start":{"line":213,"column":32},"end":{"line":213,"column":48}}]},"43":{"type":"branch","line":214,"loc":{"start":{"line":214,"column":22},"end":{"line":214,"column":45}},"locations":[{"start":{"line":214,"column":22},"end":{"line":214,"column":45}}]},"44":{"type":"branch","line":214,"loc":{"start":{"line":214,"column":32},"end":{"line":214,"column":57}},"locations":[{"start":{"line":214,"column":32},"end":{"line":214,"column":57}}]},"45":{"type":"branch","line":231,"loc":{"start":{"line":231,"column":0},"end":{"line":244,"column":1}},"locations":[{"start":{"line":231,"column":0},"end":{"line":244,"column":1}}]},"46":{"type":"branch","line":233,"loc":{"start":{"line":233,"column":58},"end":{"line":242,"column":3}},"locations":[{"start":{"line":233,"column":58},"end":{"line":242,"column":3}}]},"47":{"type":"branch","line":234,"loc":{"start":{"line":234,"column":59},"end":{"line":241,"column":5}},"locations":[{"start":{"line":234,"column":59},"end":{"line":241,"column":5}}]},"48":{"type":"branch","line":247,"loc":{"start":{"line":247,"column":0},"end":{"line":260,"column":1}},"locations":[{"start":{"line":247,"column":0},"end":{"line":260,"column":1}}]},"49":{"type":"branch","line":251,"loc":{"start":{"line":251,"column":47},"end":{"line":259,"column":3}},"locations":[{"start":{"line":251,"column":47},"end":{"line":259,"column":3}}]},"50":{"type":"branch","line":252,"loc":{"start":{"line":252,"column":31},"end":{"line":252,"column":40}},"locations":[{"start":{"line":252,"column":31},"end":{"line":252,"column":40}}]},"51":{"type":"branch","line":252,"loc":{"start":{"line":252,"column":31},"end":{"line":254,"column":50}},"locations":[{"start":{"line":252,"column":31},"end":{"line":254,"column":50}}]},"52":{"type":"branch","line":254,"loc":{"start":{"line":254,"column":50},"end":{"line":258,"column":5}},"locations":[{"start":{"line":254,"column":50},"end":{"line":258,"column":5}}]},"53":{"type":"branch","line":258,"loc":{"start":{"line":258,"column":4},"end":{"line":259,"column":3}},"locations":[{"start":{"line":258,"column":4},"end":{"line":259,"column":3}}]},"54":{"type":"branch","line":268,"loc":{"start":{"line":268,"column":0},"end":{"line":302,"column":1}},"locations":[{"start":{"line":268,"column":0},"end":{"line":302,"column":1}}]},"55":{"type":"branch","line":272,"loc":{"start":{"line":272,"column":39},"end":{"line":302,"column":1}},"locations":[{"start":{"line":272,"column":39},"end":{"line":302,"column":1}}]},"56":{"type":"branch","line":275,"loc":{"start":{"line":275,"column":17},"end":{"line":275,"column":45}},"locations":[{"start":{"line":275,"column":17},"end":{"line":275,"column":45}}]},"57":{"type":"branch","line":275,"loc":{"start":{"line":275,"column":29},"end":{"line":275,"column":98}},"locations":[{"start":{"line":275,"column":29},"end":{"line":275,"column":98}}]},"58":{"type":"branch","line":277,"loc":{"start":{"line":277,"column":17},"end":{"line":278,"column":30}},"locations":[{"start":{"line":277,"column":17},"end":{"line":278,"column":30}}]},"59":{"type":"branch","line":278,"loc":{"start":{"line":278,"column":18},"end":{"line":279,"column":68}},"locations":[{"start":{"line":278,"column":18},"end":{"line":279,"column":68}}]},"60":{"type":"branch","line":291,"loc":{"start":{"line":291,"column":28},"end":{"line":294,"column":5}},"locations":[{"start":{"line":291,"column":28},"end":{"line":294,"column":5}}]},"61":{"type":"branch","line":293,"loc":{"start":{"line":293,"column":26},"end":{"line":293,"column":50}},"locations":[{"start":{"line":293,"column":26},"end":{"line":293,"column":50}}]},"62":{"type":"branch","line":295,"loc":{"start":{"line":295,"column":28},"end":{"line":298,"column":5}},"locations":[{"start":{"line":295,"column":28},"end":{"line":298,"column":5}}]},"63":{"type":"branch","line":297,"loc":{"start":{"line":297,"column":25},"end":{"line":297,"column":49}},"locations":[{"start":{"line":297,"column":25},"end":{"line":297,"column":49}}]},"64":{"type":"branch","line":283,"loc":{"start":{"line":283,"column":15},"end":{"line":289,"column":6}},"locations":[{"start":{"line":283,"column":15},"end":{"line":289,"column":6}}]},"65":{"type":"branch","line":286,"loc":{"start":{"line":286,"column":19},"end":{"line":286,"column":38}},"locations":[{"start":{"line":286,"column":19},"end":{"line":286,"column":38}}]},"66":{"type":"branch","line":286,"loc":{"start":{"line":286,"column":29},"end":{"line":286,"column":49}},"locations":[{"start":{"line":286,"column":29},"end":{"line":286,"column":49}}]},"67":{"type":"branch","line":286,"loc":{"start":{"line":286,"column":44},"end":{"line":286,"column":60}},"locations":[{"start":{"line":286,"column":44},"end":{"line":286,"column":60}}]},"68":{"type":"branch","line":286,"loc":{"start":{"line":286,"column":54},"end":{"line":287,"column":37}},"locations":[{"start":{"line":286,"column":54},"end":{"line":287,"column":37}}]},"69":{"type":"branch","line":287,"loc":{"start":{"line":287,"column":36},"end":{"line":288,"column":16}},"locations":[{"start":{"line":287,"column":36},"end":{"line":288,"column":16}}]},"70":{"type":"branch","line":305,"loc":{"start":{"line":305,"column":7},"end":{"line":336,"column":1}},"locations":[{"start":{"line":305,"column":7},"end":{"line":336,"column":1}}]},"71":{"type":"branch","line":312,"loc":{"start":{"line":312,"column":14},"end":{"line":313,"column":40}},"locations":[{"start":{"line":312,"column":14},"end":{"line":313,"column":40}}]},"72":{"type":"branch","line":313,"loc":{"start":{"line":313,"column":39},"end":{"line":314,"column":65}},"locations":[{"start":{"line":313,"column":39},"end":{"line":314,"column":65}}]},"73":{"type":"branch","line":314,"loc":{"start":{"line":314,"column":36},"end":{"line":314,"column":46}},"locations":[{"start":{"line":314,"column":36},"end":{"line":314,"column":46}}]},"74":{"type":"branch","line":314,"loc":{"start":{"line":314,"column":42},"end":{"line":314,"column":49}},"locations":[{"start":{"line":314,"column":42},"end":{"line":314,"column":49}}]},"75":{"type":"branch","line":316,"loc":{"start":{"line":316,"column":20},"end":{"line":316,"column":63}},"locations":[{"start":{"line":316,"column":20},"end":{"line":316,"column":63}}]},"76":{"type":"branch","line":316,"loc":{"start":{"line":316,"column":59},"end":{"line":316,"column":73}},"locations":[{"start":{"line":316,"column":59},"end":{"line":316,"column":73}}]},"77":{"type":"branch","line":317,"loc":{"start":{"line":317,"column":30},"end":{"line":334,"column":3}},"locations":[{"start":{"line":317,"column":30},"end":{"line":334,"column":3}}]},"78":{"type":"branch","line":318,"loc":{"start":{"line":318,"column":19},"end":{"line":322,"column":5}},"locations":[{"start":{"line":318,"column":19},"end":{"line":322,"column":5}}]},"79":{"type":"branch","line":319,"loc":{"start":{"line":319,"column":45},"end":{"line":321,"column":7}},"locations":[{"start":{"line":319,"column":45},"end":{"line":321,"column":7}}]},"80":{"type":"branch","line":320,"loc":{"start":{"line":320,"column":26},"end":{"line":320,"column":74}},"locations":[{"start":{"line":320,"column":26},"end":{"line":320,"column":74}}]},"81":{"type":"branch","line":323,"loc":{"start":{"line":323,"column":22},"end":{"line":333,"column":5}},"locations":[{"start":{"line":323,"column":22},"end":{"line":333,"column":5}}]},"82":{"type":"branch","line":324,"loc":{"start":{"line":324,"column":45},"end":{"line":332,"column":7}},"locations":[{"start":{"line":324,"column":45},"end":{"line":332,"column":7}}]},"83":{"type":"branch","line":325,"loc":{"start":{"line":325,"column":34},"end":{"line":325,"column":43}},"locations":[{"start":{"line":325,"column":34},"end":{"line":325,"column":43}}]},"84":{"type":"branch","line":325,"loc":{"start":{"line":325,"column":34},"end":{"line":327,"column":26}},"locations":[{"start":{"line":325,"column":34},"end":{"line":327,"column":26}}]},"85":{"type":"branch","line":327,"loc":{"start":{"line":327,"column":20},"end":{"line":328,"column":87}},"locations":[{"start":{"line":327,"column":20},"end":{"line":328,"column":87}}]},"86":{"type":"branch","line":328,"loc":{"start":{"line":328,"column":86},"end":{"line":331,"column":27}},"locations":[{"start":{"line":328,"column":86},"end":{"line":331,"column":27}}]},"87":{"type":"branch","line":329,"loc":{"start":{"line":329,"column":25},"end":{"line":330,"column":25}},"locations":[{"start":{"line":329,"column":25},"end":{"line":330,"column":25}}]},"88":{"type":"branch","line":330,"loc":{"start":{"line":330,"column":16},"end":{"line":331,"column":27}},"locations":[{"start":{"line":330,"column":16},"end":{"line":331,"column":27}}]},"89":{"type":"branch","line":339,"loc":{"start":{"line":339,"column":0},"end":{"line":388,"column":1}},"locations":[{"start":{"line":339,"column":0},"end":{"line":388,"column":1}}]},"90":{"type":"branch","line":362,"loc":{"start":{"line":362,"column":21},"end":{"line":387,"column":3}},"locations":[{"start":{"line":362,"column":21},"end":{"line":387,"column":3}}]},"91":{"type":"branch","line":385,"loc":{"start":{"line":385,"column":32},"end":{"line":385,"column":57}},"locations":[{"start":{"line":385,"column":32},"end":{"line":385,"column":57}}]},"92":{"type":"branch","line":375,"loc":{"start":{"line":375,"column":22},"end":{"line":378,"column":5}},"locations":[{"start":{"line":375,"column":22},"end":{"line":378,"column":5}}]},"93":{"type":"branch","line":379,"loc":{"start":{"line":379,"column":22},"end":{"line":383,"column":5}},"locations":[{"start":{"line":379,"column":22},"end":{"line":383,"column":5}}]},"94":{"type":"branch","line":381,"loc":{"start":{"line":381,"column":22},"end":{"line":381,"column":66}},"locations":[{"start":{"line":381,"column":22},"end":{"line":381,"column":66}}]}},"b":{"0":[9],"1":[5166362],"2":[252],"3":[100],"4":[152],"5":[100],"6":[152],"7":[75],"8":[77],"9":[75],"10":[18],"11":[0],"12":[2880],"13":[921600],"14":[753263],"15":[168337],"16":[1830647],"17":[19989697],"18":[168337],"19":[18],"20":[1967],"21":[534331],"22":[168337],"23":[600],"24":[20],"25":[966400],"26":[338486],"27":[627914],"28":[10],"29":[900],"30":[720],"31":[180],"32":[720],"33":[180],"34":[144000],"35":[46080000],"36":[45446400],"37":[44812800],"38":[44192520],"39":[43572240],"40":[2507760],"41":[14689350],"42":[31390650],"43":[14689350],"44":[31390650],"45":[4],"46":[160],"47":[12800],"48":[1536475],"49":[3225808],"50":[4320],"51":[3221488],"52":[6859413],"53":[3221488],"54":[4],"55":[480],"56":[360],"57":[120],"58":[360],"59":[120],"60":[1536000],"61":[1023470],"62":[1536000],"63":[513005],"64":[3072000],"65":[3032120],"66":[2987294],"67":[2950009],"68":[2903463],"69":[168537],"70":[14],"71":[4],"72":[10],"73":[2],"74":[8],"75":[2],"76":[12],"77":[1380],"78":[180],"79":[9216000],"80":[3255120],"81":[90],"82":[4608000],"83":[4377654],"84":[230346],"85":[0],"86":[230346],"87":[80346],"88":[150000],"89":[1],"90":[1],"91":[90],"92":[1],"93":[1],"94":[0]},"fnMap":{"0":{"name":"seededRandom","decl":{"start":{"line":87,"column":7},"end":{"line":96,"column":1}},"loc":{"start":{"line":87,"column":7},"end":{"line":96,"column":1}},"line":87},"1":{"name":"makeExpression","decl":{"start":{"line":106,"column":7},"end":{"line":115,"column":1}},"loc":{"start":{"line":106,"column":7},"end":{"line":115,"column":1}},"line":106},"2":{"name":"makeDecoy","decl":{"start":{"line":118,"column":7},"end":{"line":127,"column":1}},"loc":{"start":{"line":118,"column":7},"end":{"line":127,"column":1}},"line":118},"3":{"name":"dilate","decl":{"start":{"line":129,"column":0},"end":{"line":145,"column":1}},"loc":{"start":{"line":129,"column":0},"end":{"line":145,"column":1}},"line":129},"4":{"name":"buildMask","decl":{"start":{"line":147,"column":7},"end":{"line":164,"column":1}},"loc":{"start":{"line":147,"column":7},"end":{"line":164,"column":1}},"line":147},"5":{"name":"drift","decl":{"start":{"line":167,"column":0},"end":{"line":169,"column":1}},"loc":{"start":{"line":167,"column":0},"end":{"line":169,"column":1}},"line":167},"6":{"name":"noiseCells","decl":{"start":{"line":171,"column":0},"end":{"line":175,"column":1}},"loc":{"start":{"line":171,"column":0},"end":{"line":175,"column":1}},"line":171},"7":{"name":"renderBands","decl":{"start":{"line":178,"column":0},"end":{"line":222,"column":1}},"loc":{"start":{"line":178,"column":0},"end":{"line":222,"column":1}},"line":178},"8":{"name":"makeDots","decl":{"start":{"line":231,"column":0},"end":{"line":244,"column":1}},"loc":{"start":{"line":231,"column":0},"end":{"line":244,"column":1}},"line":231},"9":{"name":"stampAA","decl":{"start":{"line":247,"column":0},"end":{"line":260,"column":1}},"loc":{"start":{"line":247,"column":0},"end":{"line":260,"column":1}},"line":247},"10":{"name":"renderDots","decl":{"start":{"line":268,"column":0},"end":{"line":302,"column":1}},"loc":{"start":{"line":268,"column":0},"end":{"line":302,"column":1}},"line":268},"11":{"name":"at","decl":{"start":{"line":283,"column":15},"end":{"line":289,"column":6}},"loc":{"start":{"line":283,"column":15},"end":{"line":289,"column":6}},"line":283},"12":{"name":"renderFrames","decl":{"start":{"line":305,"column":7},"end":{"line":336,"column":1}},"loc":{"start":{"line":305,"column":7},"end":{"line":336,"column":1}},"line":305},"13":{"name":"renderAnimation","decl":{"start":{"line":339,"column":0},"end":{"line":388,"column":1}},"loc":{"start":{"line":339,"column":0},"end":{"line":388,"column":1}},"line":339}},"f":{"0":9,"1":252,"2":75,"3":18,"4":18,"5":600,"6":20,"7":10,"8":4,"9":1536475,"10":4,"11":3072000,"12":14,"13":1}}
,"Z:\\bots\\motion-captcha-bot\\src\\config.ts": {"path":"Z:\\bots\\motion-captcha-bot\\src\\config.ts","all":false,"statementMap":{"0":{"start":{"line":1,"column":0},"end":{"line":1,"column":39}},"68":{"start":{"line":69,"column":0},"end":{"line":69,"column":43}},"69":{"start":{"line":70,"column":0},"end":{"line":70,"column":10}},"70":{"start":{"line":71,"column":0},"end":{"line":71,"column":100}},"71":{"start":{"line":72,"column":0},"end":{"line":72,"column":52}},"72":{"start":{"line":73,"column":0},"end":{"line":73,"column":2}},"74":{"start":{"line":75,"column":0},"end":{"line":75,"column":77}},"75":{"start":{"line":76,"column":0},"end":{"line":76,"column":39}},"76":{"start":{"line":77,"column":0},"end":{"line":77,"column":32}},"77":{"start":{"line":78,"column":0},"end":{"line":78,"column":40}},"78":{"start":{"line":79,"column":0},"end":{"line":79,"column":28}},"79":{"start":{"line":80,"column":0},"end":{"line":80,"column":29}},"80":{"start":{"line":81,"column":0},"end":{"line":81,"column":93}},"81":{"start":{"line":82,"column":0},"end":{"line":82,"column":5}},"82":{"start":{"line":83,"column":0},"end":{"line":83,"column":27}},"83":{"start":{"line":84,"column":0},"end":{"line":84,"column":47}},"84":{"start":{"line":85,"column":0},"end":{"line":85,"column":93}},"85":{"start":{"line":86,"column":0},"end":{"line":86,"column":5}},"86":{"start":{"line":87,"column":0},"end":{"line":87,"column":16}},"87":{"start":{"line":88,"column":0},"end":{"line":88,"column":3}},"88":{"start":{"line":89,"column":0},"end":{"line":89,"column":13}},"89":{"start":{"line":90,"column":0},"end":{"line":90,"column":1}},"91":{"start":{"line":92,"column":0},"end":{"line":92,"column":78}},"92":{"start":{"line":93,"column":0},"end":{"line":93,"column":39}},"93":{"start":{"line":94,"column":0},"end":{"line":94,"column":32}},"94":{"start":{"line":95,"column":0},"end":{"line":95,"column":40}},"95":{"start":{"line":96,"column":0},"end":{"line":96,"column":28}},"96":{"start":{"line":97,"column":0},"end":{"line":97,"column":31}},"97":{"start":{"line":98,"column":0},"end":{"line":98,"column":93}},"98":{"start":{"line":99,"column":0},"end":{"line":99,"column":5}},"99":{"start":{"line":100,"column":0},"end":{"line":100,"column":27}},"100":{"start":{"line":101,"column":0},"end":{"line":101,"column":48}},"101":{"start":{"line":102,"column":0},"end":{"line":102,"column":93}},"102":{"start":{"line":103,"column":0},"end":{"line":103,"column":5}},"103":{"start":{"line":104,"column":0},"end":{"line":104,"column":16}},"104":{"start":{"line":105,"column":0},"end":{"line":105,"column":3}},"105":{"start":{"line":106,"column":0},"end":{"line":106,"column":13}},"106":{"start":{"line":107,"column":0},"end":{"line":107,"column":1}},"108":{"start":{"line":109,"column":0},"end":{"line":109,"column":36}},"110":{"start":{"line":111,"column":0},"end":{"line":111,"column":33}},"111":{"start":{"line":112,"column":0},"end":{"line":112,"column":49}},"113":{"start":{"line":114,"column":0},"end":{"line":114,"column":64}},"114":{"start":{"line":115,"column":0},"end":{"line":115,"column":74}},"115":{"start":{"line":116,"column":0},"end":{"line":116,"column":29}},"116":{"start":{"line":117,"column":0},"end":{"line":117,"column":78}},"117":{"start":{"line":118,"column":0},"end":{"line":118,"column":3}},"118":{"start":{"line":119,"column":0},"end":{"line":119,"column":32}},"119":{"start":{"line":120,"column":0},"end":{"line":120,"column":6}},"120":{"start":{"line":121,"column":0},"end":{"line":121,"column":37}},"121":{"start":{"line":122,"column":0},"end":{"line":122,"column":38}},"122":{"start":{"line":123,"column":0},"end":{"line":123,"column":35}},"123":{"start":{"line":124,"column":0},"end":{"line":124,"column":5}},"124":{"start":{"line":125,"column":0},"end":{"line":125,"column":78}},"125":{"start":{"line":126,"column":0},"end":{"line":126,"column":3}},"126":{"start":{"line":127,"column":0},"end":{"line":127,"column":17}},"127":{"start":{"line":128,"column":0},"end":{"line":128,"column":1}},"133":{"start":{"line":134,"column":0},"end":{"line":134,"column":39}},"135":{"start":{"line":136,"column":0},"end":{"line":136,"column":66}},"136":{"start":{"line":137,"column":0},"end":{"line":137,"column":77}},"137":{"start":{"line":138,"column":0},"end":{"line":138,"column":29}},"138":{"start":{"line":139,"column":0},"end":{"line":139,"column":73}},"139":{"start":{"line":140,"column":0},"end":{"line":140,"column":3}},"140":{"start":{"line":141,"column":0},"end":{"line":141,"column":32}},"141":{"start":{"line":142,"column":0},"end":{"line":142,"column":39}},"142":{"start":{"line":143,"column":0},"end":{"line":143,"column":73}},"143":{"start":{"line":144,"column":0},"end":{"line":144,"column":3}},"144":{"start":{"line":145,"column":0},"end":{"line":145,"column":17}},"145":{"start":{"line":146,"column":0},"end":{"line":146,"column":1}},"147":{"start":{"line":148,"column":0},"end":{"line":148,"column":64}},"148":{"start":{"line":149,"column":0},"end":{"line":149,"column":52}},"149":{"start":{"line":150,"column":0},"end":{"line":150,"column":29}},"150":{"start":{"line":151,"column":0},"end":{"line":151,"column":70}},"151":{"start":{"line":152,"column":0},"end":{"line":152,"column":3}},"152":{"start":{"line":153,"column":0},"end":{"line":153,"column":29}},"153":{"start":{"line":154,"column":0},"end":{"line":154,"column":36}},"154":{"start":{"line":155,"column":0},"end":{"line":155,"column":70}},"155":{"start":{"line":156,"column":0},"end":{"line":156,"column":3}},"156":{"start":{"line":157,"column":0},"end":{"line":157,"column":14}},"157":{"start":{"line":158,"column":0},"end":{"line":158,"column":1}},"160":{"start":{"line":161,"column":0},"end":{"line":161,"column":54}},"161":{"start":{"line":162,"column":0},"end":{"line":162,"column":18}},"162":{"start":{"line":163,"column":0},"end":{"line":163,"column":7}},"163":{"start":{"line":164,"column":0},"end":{"line":164,"column":37}},"164":{"start":{"line":165,"column":0},"end":{"line":165,"column":11}},"165":{"start":{"line":166,"column":0},"end":{"line":166,"column":28}},"166":{"start":{"line":167,"column":0},"end":{"line":167,"column":3}},"167":{"start":{"line":168,"column":0},"end":{"line":168,"column":54}},"168":{"start":{"line":169,"column":0},"end":{"line":169,"column":10}},"169":{"start":{"line":170,"column":0},"end":{"line":170,"column":92}},"170":{"start":{"line":171,"column":0},"end":{"line":171,"column":92}},"171":{"start":{"line":172,"column":0},"end":{"line":172,"column":4}},"172":{"start":{"line":173,"column":0},"end":{"line":173,"column":1}},"174":{"start":{"line":175,"column":0},"end":{"line":175,"column":74}},"175":{"start":{"line":176,"column":0},"end":{"line":176,"column":39}},"176":{"start":{"line":177,"column":0},"end":{"line":177,"column":57}},"177":{"start":{"line":178,"column":0},"end":{"line":178,"column":53}},"178":{"start":{"line":179,"column":0},"end":{"line":179,"column":61}},"179":{"start":{"line":180,"column":0},"end":{"line":180,"column":42}},"180":{"start":{"line":181,"column":0},"end":{"line":181,"column":76}},"181":{"start":{"line":182,"column":0},"end":{"line":182,"column":47}},"182":{"start":{"line":183,"column":0},"end":{"line":183,"column":78}},"183":{"start":{"line":184,"column":0},"end":{"line":184,"column":5}},"184":{"start":{"line":185,"column":0},"end":{"line":185,"column":52}},"185":{"start":{"line":186,"column":0},"end":{"line":186,"column":40}},"186":{"start":{"line":187,"column":0},"end":{"line":187,"column":78}},"187":{"start":{"line":188,"column":0},"end":{"line":188,"column":5}},"188":{"start":{"line":189,"column":0},"end":{"line":189,"column":27}},"189":{"start":{"line":190,"column":0},"end":{"line":190,"column":70}},"190":{"start":{"line":191,"column":0},"end":{"line":191,"column":5}},"191":{"start":{"line":192,"column":0},"end":{"line":192,"column":3}},"192":{"start":{"line":193,"column":0},"end":{"line":193,"column":10}},"193":{"start":{"line":194,"column":0},"end":{"line":194,"column":13}},"194":{"start":{"line":195,"column":0},"end":{"line":195,"column":56}},"195":{"start":{"line":196,"column":0},"end":{"line":196,"column":17}},"196":{"start":{"line":197,"column":0},"end":{"line":197,"column":90}},"197":{"start":{"line":198,"column":0},"end":{"line":198,"column":54}},"198":{"start":{"line":199,"column":0},"end":{"line":199,"column":81}},"199":{"start":{"line":200,"column":0},"end":{"line":200,"column":47}},"200":{"start":{"line":201,"column":0},"end":{"line":201,"column":23}},"201":{"start":{"line":202,"column":0},"end":{"line":202,"column":94}},"202":{"start":{"line":203,"column":0},"end":{"line":203,"column":59}},"203":{"start":{"line":204,"column":0},"end":{"line":204,"column":58}},"204":{"start":{"line":205,"column":0},"end":{"line":205,"column":59}},"205":{"start":{"line":206,"column":0},"end":{"line":206,"column":66}},"206":{"start":{"line":207,"column":0},"end":{"line":207,"column":69}},"207":{"start":{"line":208,"column":0},"end":{"line":208,"column":59}},"208":{"start":{"line":209,"column":0},"end":{"line":209,"column":62}},"209":{"start":{"line":210,"column":0},"end":{"line":210,"column":49}},"210":{"start":{"line":211,"column":0},"end":{"line":211,"column":60}},"211":{"start":{"line":212,"column":0},"end":{"line":212,"column":44}},"212":{"start":{"line":213,"column":0},"end":{"line":213,"column":56}},"213":{"start":{"line":214,"column":0},"end":{"line":214,"column":20}},"214":{"start":{"line":215,"column":0},"end":{"line":215,"column":20}},"215":{"start":{"line":216,"column":0},"end":{"line":216,"column":4}},"216":{"start":{"line":217,"column":0},"end":{"line":217,"column":1}}},"s":{"0":1,"68":1,"69":1,"70":1,"71":1,"72":1,"74":22,"75":22,"76":4,"77":22,"78":7,"79":7,"80":1,"81":1,"82":6,"83":7,"84":2,"85":2,"86":4,"87":4,"88":1,"89":1,"91":19,"92":19,"93":4,"94":19,"95":6,"96":6,"97":0,"98":0,"99":6,"100":6,"101":3,"102":3,"103":3,"104":3,"105":1,"106":1,"108":1,"110":1,"111":1,"113":29,"114":29,"115":29,"116":1,"117":1,"118":4,"119":4,"120":4,"121":4,"122":2,"123":29,"124":3,"125":3,"126":1,"127":1,"133":1,"135":23,"136":23,"137":23,"138":1,"139":1,"140":2,"141":23,"142":0,"143":0,"144":2,"145":2,"147":25,"148":25,"149":25,"150":1,"151":1,"152":2,"153":25,"154":1,"155":1,"156":1,"157":1,"160":1,"161":3,"162":3,"163":3,"164":3,"165":1,"166":1,"167":2,"168":2,"169":3,"170":3,"171":3,"172":3,"174":1,"175":33,"176":33,"177":32,"178":33,"179":33,"180":33,"181":4,"182":1,"183":1,"184":3,"185":4,"186":1,"187":1,"188":4,"189":1,"190":1,"191":4,"192":29,"193":29,"194":33,"195":33,"196":33,"197":33,"198":33,"199":33,"200":33,"201":33,"202":33,"203":33,"204":33,"205":33,"206":33,"207":33,"208":33,"209":33,"210":33,"211":33,"212":33,"213":33,"214":33,"215":33,"216":33},"branchMap":{"0":{"type":"branch","line":75,"loc":{"start":{"line":75,"column":0},"end":{"line":90,"column":1}},"locations":[{"start":{"line":75,"column":0},"end":{"line":90,"column":1}}]},"1":{"type":"branch","line":76,"loc":{"start":{"line":76,"column":7},"end":{"line":76,"column":19}},"locations":[{"start":{"line":76,"column":7},"end":{"line":76,"column":19}}]},"2":{"type":"branch","line":76,"loc":{"start":{"line":76,"column":22},"end":{"line":76,"column":39}},"locations":[{"start":{"line":76,"column":22},"end":{"line":76,"column":39}}]},"3":{"type":"branch","line":76,"loc":{"start":{"line":76,"column":37},"end":{"line":78,"column":39}},"locations":[{"start":{"line":76,"column":37},"end":{"line":78,"column":39}}]},"4":{"type":"branch","line":78,"loc":{"start":{"line":78,"column":39},"end":{"line":88,"column":3}},"locations":[{"start":{"line":78,"column":39},"end":{"line":88,"column":3}}]},"5":{"type":"branch","line":80,"loc":{"start":{"line":80,"column":28},"end":{"line":82,"column":5}},"locations":[{"start":{"line":80,"column":28},"end":{"line":82,"column":5}}]},"6":{"type":"branch","line":82,"loc":{"start":{"line":82,"column":4},"end":{"line":84,"column":37}},"locations":[{"start":{"line":82,"column":4},"end":{"line":84,"column":37}}]},"7":{"type":"branch","line":84,"loc":{"start":{"line":84,"column":32},"end":{"line":84,"column":46}},"locations":[{"start":{"line":84,"column":32},"end":{"line":84,"column":46}}]},"8":{"type":"branch","line":84,"loc":{"start":{"line":84,"column":46},"end":{"line":86,"column":5}},"locations":[{"start":{"line":84,"column":46},"end":{"line":86,"column":5}}]},"9":{"type":"branch","line":86,"loc":{"start":{"line":86,"column":4},"end":{"line":88,"column":3}},"locations":[{"start":{"line":86,"column":4},"end":{"line":88,"column":3}}]},"10":{"type":"branch","line":88,"loc":{"start":{"line":88,"column":2},"end":{"line":90,"column":1}},"locations":[{"start":{"line":88,"column":2},"end":{"line":90,"column":1}}]},"11":{"type":"branch","line":92,"loc":{"start":{"line":92,"column":0},"end":{"line":107,"column":1}},"locations":[{"start":{"line":92,"column":0},"end":{"line":107,"column":1}}]},"12":{"type":"branch","line":93,"loc":{"start":{"line":93,"column":7},"end":{"line":93,"column":19}},"locations":[{"start":{"line":93,"column":7},"end":{"line":93,"column":19}}]},"13":{"type":"branch","line":93,"loc":{"start":{"line":93,"column":22},"end":{"line":93,"column":39}},"locations":[{"start":{"line":93,"column":22},"end":{"line":93,"column":39}}]},"14":{"type":"branch","line":93,"loc":{"start":{"line":93,"column":37},"end":{"line":95,"column":39}},"locations":[{"start":{"line":93,"column":37},"end":{"line":95,"column":39}}]},"15":{"type":"branch","line":95,"loc":{"start":{"line":95,"column":39},"end":{"line":105,"column":3}},"locations":[{"start":{"line":95,"column":39},"end":{"line":105,"column":3}}]},"16":{"type":"branch","line":97,"loc":{"start":{"line":97,"column":30},"end":{"line":99,"column":5}},"locations":[{"start":{"line":97,"column":30},"end":{"line":99,"column":5}}]},"17":{"type":"branch","line":101,"loc":{"start":{"line":101,"column":32},"end":{"line":101,"column":47}},"locations":[{"start":{"line":101,"column":32},"end":{"line":101,"column":47}}]},"18":{"type":"branch","line":101,"loc":{"start":{"line":101,"column":47},"end":{"line":105,"column":3}},"locations":[{"start":{"line":101,"column":47},"end":{"line":105,"column":3}}]},"19":{"type":"branch","line":105,"loc":{"start":{"line":105,"column":2},"end":{"line":107,"column":1}},"locations":[{"start":{"line":105,"column":2},"end":{"line":107,"column":1}}]},"20":{"type":"branch","line":114,"loc":{"start":{"line":114,"column":0},"end":{"line":128,"column":1}},"locations":[{"start":{"line":114,"column":0},"end":{"line":128,"column":1}}]},"21":{"type":"branch","line":115,"loc":{"start":{"line":115,"column":16},"end":{"line":115,"column":43}},"locations":[{"start":{"line":115,"column":16},"end":{"line":115,"column":43}}]},"22":{"type":"branch","line":115,"loc":{"start":{"line":115,"column":43},"end":{"line":115,"column":74}},"locations":[{"start":{"line":115,"column":43},"end":{"line":115,"column":74}}]},"23":{"type":"branch","line":115,"loc":{"start":{"line":115,"column":50},"end":{"line":116,"column":28}},"locations":[{"start":{"line":115,"column":50},"end":{"line":116,"column":28}}]},"24":{"type":"branch","line":116,"loc":{"start":{"line":116,"column":28},"end":{"line":118,"column":3}},"locations":[{"start":{"line":116,"column":28},"end":{"line":118,"column":3}}]},"25":{"type":"branch","line":118,"loc":{"start":{"line":118,"column":2},"end":{"line":122,"column":38}},"locations":[{"start":{"line":118,"column":2},"end":{"line":122,"column":38}}]},"26":{"type":"branch","line":122,"loc":{"start":{"line":122,"column":14},"end":{"line":123,"column":35}},"locations":[{"start":{"line":122,"column":14},"end":{"line":123,"column":35}}]},"27":{"type":"branch","line":124,"loc":{"start":{"line":124,"column":4},"end":{"line":126,"column":3}},"locations":[{"start":{"line":124,"column":4},"end":{"line":126,"column":3}}]},"28":{"type":"branch","line":126,"loc":{"start":{"line":126,"column":2},"end":{"line":128,"column":1}},"locations":[{"start":{"line":126,"column":2},"end":{"line":128,"column":1}}]},"29":{"type":"branch","line":136,"loc":{"start":{"line":136,"column":0},"end":{"line":146,"column":1}},"locations":[{"start":{"line":136,"column":0},"end":{"line":146,"column":1}}]},"30":{"type":"branch","line":137,"loc":{"start":{"line":137,"column":16},"end":{"line":137,"column":43}},"locations":[{"start":{"line":137,"column":16},"end":{"line":137,"column":43}}]},"31":{"type":"branch","line":137,"loc":{"start":{"line":137,"column":43},"end":{"line":137,"column":77}},"locations":[{"start":{"line":137,"column":43},"end":{"line":137,"column":77}}]},"32":{"type":"branch","line":137,"loc":{"start":{"line":137,"column":50},"end":{"line":138,"column":28}},"locations":[{"start":{"line":137,"column":50},"end":{"line":138,"column":28}}]},"33":{"type":"branch","line":138,"loc":{"start":{"line":138,"column":28},"end":{"line":140,"column":3}},"locations":[{"start":{"line":138,"column":28},"end":{"line":140,"column":3}}]},"34":{"type":"branch","line":140,"loc":{"start":{"line":140,"column":2},"end":{"line":142,"column":38}},"locations":[{"start":{"line":140,"column":2},"end":{"line":142,"column":38}}]},"35":{"type":"branch","line":142,"loc":{"start":{"line":142,"column":38},"end":{"line":144,"column":3}},"locations":[{"start":{"line":142,"column":38},"end":{"line":144,"column":3}}]},"36":{"type":"branch","line":144,"loc":{"start":{"line":144,"column":2},"end":{"line":146,"column":1}},"locations":[{"start":{"line":144,"column":2},"end":{"line":146,"column":1}}]},"37":{"type":"branch","line":148,"loc":{"start":{"line":148,"column":0},"end":{"line":158,"column":1}},"locations":[{"start":{"line":148,"column":0},"end":{"line":158,"column":1}}]},"38":{"type":"branch","line":149,"loc":{"start":{"line":149,"column":16},"end":{"line":149,"column":43}},"locations":[{"start":{"line":149,"column":16},"end":{"line":149,"column":43}}]},"39":{"type":"branch","line":149,"loc":{"start":{"line":149,"column":43},"end":{"line":149,"column":52}},"locations":[{"start":{"line":149,"column":43},"end":{"line":149,"column":52}}]},"40":{"type":"branch","line":149,"loc":{"start":{"line":149,"column":50},"end":{"line":150,"column":28}},"locations":[{"start":{"line":149,"column":50},"end":{"line":150,"column":28}}]},"41":{"type":"branch","line":150,"loc":{"start":{"line":150,"column":28},"end":{"line":152,"column":3}},"locations":[{"start":{"line":150,"column":28},"end":{"line":152,"column":3}}]},"42":{"type":"branch","line":152,"loc":{"start":{"line":152,"column":2},"end":{"line":154,"column":35}},"locations":[{"start":{"line":152,"column":2},"end":{"line":154,"column":35}}]},"43":{"type":"branch","line":154,"loc":{"start":{"line":154,"column":35},"end":{"line":158,"column":1}},"locations":[{"start":{"line":154,"column":35},"end":{"line":158,"column":1}}]},"44":{"type":"branch","line":161,"loc":{"start":{"line":161,"column":7},"end":{"line":173,"column":1}},"locations":[{"start":{"line":161,"column":7},"end":{"line":173,"column":1}}]},"45":{"type":"branch","line":165,"loc":{"start":{"line":165,"column":2},"end":{"line":167,"column":3}},"locations":[{"start":{"line":165,"column":2},"end":{"line":167,"column":3}}]},"46":{"type":"branch","line":167,"loc":{"start":{"line":167,"column":2},"end":{"line":170,"column":50}},"locations":[{"start":{"line":167,"column":2},"end":{"line":170,"column":50}}]},"47":{"type":"branch","line":170,"loc":{"start":{"line":170,"column":39},"end":{"line":170,"column":67}},"locations":[{"start":{"line":170,"column":39},"end":{"line":170,"column":67}}]},"48":{"type":"branch","line":170,"loc":{"start":{"line":170,"column":57},"end":{"line":170,"column":92}},"locations":[{"start":{"line":170,"column":57},"end":{"line":170,"column":92}}]},"49":{"type":"branch","line":171,"loc":{"start":{"line":171,"column":39},"end":{"line":171,"column":67}},"locations":[{"start":{"line":171,"column":39},"end":{"line":171,"column":67}}]},"50":{"type":"branch","line":171,"loc":{"start":{"line":171,"column":57},"end":{"line":171,"column":92}},"locations":[{"start":{"line":171,"column":57},"end":{"line":171,"column":92}}]},"51":{"type":"branch","line":175,"loc":{"start":{"line":175,"column":7},"end":{"line":217,"column":1}},"locations":[{"start":{"line":175,"column":7},"end":{"line":217,"column":1}}]},"52":{"type":"branch","line":176,"loc":{"start":{"line":176,"column":23},"end":{"line":176,"column":39}},"locations":[{"start":{"line":176,"column":23},"end":{"line":176,"column":39}}]},"53":{"type":"branch","line":177,"loc":{"start":{"line":177,"column":17},"end":{"line":177,"column":57}},"locations":[{"start":{"line":177,"column":17},"end":{"line":177,"column":57}}]},"54":{"type":"branch","line":177,"loc":{"start":{"line":177,"column":55},"end":{"line":179,"column":51}},"locations":[{"start":{"line":177,"column":55},"end":{"line":179,"column":51}}]},"55":{"type":"branch","line":179,"loc":{"start":{"line":179,"column":30},"end":{"line":179,"column":61}},"locations":[{"start":{"line":179,"column":30},"end":{"line":179,"column":61}}]},"56":{"type":"branch","line":181,"loc":{"start":{"line":181,"column":32},"end":{"line":181,"column":75}},"locations":[{"start":{"line":181,"column":32},"end":{"line":181,"column":75}}]},"57":{"type":"branch","line":181,"loc":{"start":{"line":181,"column":75},"end":{"line":192,"column":3}},"locations":[{"start":{"line":181,"column":75},"end":{"line":192,"column":3}}]},"58":{"type":"branch","line":182,"loc":{"start":{"line":182,"column":46},"end":{"line":184,"column":5}},"locations":[{"start":{"line":182,"column":46},"end":{"line":184,"column":5}}]},"59":{"type":"branch","line":184,"loc":{"start":{"line":184,"column":4},"end":{"line":186,"column":39}},"locations":[{"start":{"line":184,"column":4},"end":{"line":186,"column":39}}]},"60":{"type":"branch","line":186,"loc":{"start":{"line":186,"column":39},"end":{"line":188,"column":5}},"locations":[{"start":{"line":186,"column":39},"end":{"line":188,"column":5}}]},"61":{"type":"branch","line":188,"loc":{"start":{"line":188,"column":4},"end":{"line":189,"column":26}},"locations":[{"start":{"line":188,"column":4},"end":{"line":189,"column":26}}]},"62":{"type":"branch","line":189,"loc":{"start":{"line":189,"column":26},"end":{"line":191,"column":5}},"locations":[{"start":{"line":189,"column":26},"end":{"line":191,"column":5}}]},"63":{"type":"branch","line":192,"loc":{"start":{"line":192,"column":2},"end":{"line":195,"column":40}},"locations":[{"start":{"line":192,"column":2},"end":{"line":195,"column":40}}]},"64":{"type":"branch","line":195,"loc":{"start":{"line":195,"column":36},"end":{"line":195,"column":53}},"locations":[{"start":{"line":195,"column":36},"end":{"line":195,"column":53}}]},"65":{"type":"branch","line":195,"loc":{"start":{"line":195,"column":40},"end":{"line":195,"column":56}},"locations":[{"start":{"line":195,"column":40},"end":{"line":195,"column":56}}]},"66":{"type":"branch","line":197,"loc":{"start":{"line":197,"column":28},"end":{"line":197,"column":66}},"locations":[{"start":{"line":197,"column":28},"end":{"line":197,"column":66}}]},"67":{"type":"branch","line":197,"loc":{"start":{"line":197,"column":57},"end":{"line":197,"column":86}},"locations":[{"start":{"line":197,"column":57},"end":{"line":197,"column":86}}]},"68":{"type":"branch","line":197,"loc":{"start":{"line":197,"column":70},"end":{"line":197,"column":90}},"locations":[{"start":{"line":197,"column":70},"end":{"line":197,"column":90}}]},"69":{"type":"branch","line":198,"loc":{"start":{"line":198,"column":42},"end":{"line":198,"column":52}},"locations":[{"start":{"line":198,"column":42},"end":{"line":198,"column":52}}]},"70":{"type":"branch","line":198,"loc":{"start":{"line":198,"column":48},"end":{"line":198,"column":54}},"locations":[{"start":{"line":198,"column":48},"end":{"line":198,"column":54}}]},"71":{"type":"branch","line":199,"loc":{"start":{"line":199,"column":72},"end":{"line":199,"column":78}},"locations":[{"start":{"line":199,"column":72},"end":{"line":199,"column":78}}]},"72":{"type":"branch","line":202,"loc":{"start":{"line":202,"column":41},"end":{"line":202,"column":92}},"locations":[{"start":{"line":202,"column":41},"end":{"line":202,"column":92}}]},"73":{"type":"branch","line":202,"loc":{"start":{"line":202,"column":88},"end":{"line":202,"column":94}},"locations":[{"start":{"line":202,"column":88},"end":{"line":202,"column":94}}]},"74":{"type":"branch","line":207,"loc":{"start":{"line":207,"column":57},"end":{"line":207,"column":67}},"locations":[{"start":{"line":207,"column":57},"end":{"line":207,"column":67}}]},"75":{"type":"branch","line":207,"loc":{"start":{"line":207,"column":63},"end":{"line":207,"column":69}},"locations":[{"start":{"line":207,"column":63},"end":{"line":207,"column":69}}]},"76":{"type":"branch","line":210,"loc":{"start":{"line":210,"column":18},"end":{"line":210,"column":49}},"locations":[{"start":{"line":210,"column":18},"end":{"line":210,"column":49}}]},"77":{"type":"branch","line":211,"loc":{"start":{"line":211,"column":22},"end":{"line":211,"column":60}},"locations":[{"start":{"line":211,"column":22},"end":{"line":211,"column":60}}]},"78":{"type":"branch","line":212,"loc":{"start":{"line":212,"column":20},"end":{"line":212,"column":44}},"locations":[{"start":{"line":212,"column":20},"end":{"line":212,"column":44}}]}},"b":{"0":[22],"1":[4],"2":[18],"3":[4],"4":[7],"5":[1],"6":[6],"7":[5],"8":[2],"9":[4],"10":[1],"11":[19],"12":[5],"13":[15],"14":[4],"15":[6],"16":[0],"17":[5],"18":[3],"19":[1],"20":[29],"21":[5],"22":[24],"23":[5],"24":[1],"25":[4],"26":[2],"27":[3],"28":[1],"29":[23],"30":[3],"31":[20],"32":[3],"33":[1],"34":[2],"35":[0],"36":[2],"37":[25],"38":[3],"39":[22],"40":[3],"41":[1],"42":[2],"43":[1],"44":[3],"45":[1],"46":[2],"47":[1],"48":[0],"49":[0],"50":[1],"51":[33],"52":[1],"53":[1],"54":[32],"55":[28],"56":[4],"57":[4],"58":[1],"59":[3],"60":[1],"61":[2],"62":[1],"63":[29],"64":[0],"65":[29],"66":[29],"67":[0],"68":[29],"69":[0],"70":[29],"71":[29],"72":[0],"73":[29],"74":[1],"75":[21],"76":[16],"77":[16],"78":[16]},"fnMap":{"0":{"name":"parseAllowedBotIds","decl":{"start":{"line":75,"column":0},"end":{"line":90,"column":1}},"loc":{"start":{"line":75,"column":0},"end":{"line":90,"column":1}},"line":75},"1":{"name":"parseAllowedChatIds","decl":{"start":{"line":92,"column":0},"end":{"line":107,"column":1}},"loc":{"start":{"line":92,"column":0},"end":{"line":107,"column":1}},"line":92},"2":{"name":"parseCaptchaBanSec","decl":{"start":{"line":114,"column":0},"end":{"line":128,"column":1}},"loc":{"start":{"line":114,"column":0},"end":{"line":128,"column":1}},"line":114},"3":{"name":"parseMaxUpdateAgeSec","decl":{"start":{"line":136,"column":0},"end":{"line":146,"column":1}},"loc":{"start":{"line":136,"column":0},"end":{"line":146,"column":1}},"line":136},"4":{"name":"parsePassedTtlDays","decl":{"start":{"line":148,"column":0},"end":{"line":158,"column":1}},"loc":{"start":{"line":148,"column":0},"end":{"line":158,"column":1}},"line":148},"5":{"name":"loadMessages","decl":{"start":{"line":161,"column":7},"end":{"line":173,"column":1}},"loc":{"start":{"line":161,"column":7},"end":{"line":173,"column":1}},"line":161},"6":{"name":"loadConfig","decl":{"start":{"line":175,"column":7},"end":{"line":217,"column":1}},"loc":{"start":{"line":175,"column":7},"end":{"line":217,"column":1}},"line":175}},"f":{"0":22,"1":19,"2":29,"3":23,"4":25,"5":3,"6":33}}
,"Z:\\bots\\motion-captcha-bot\\src\\font.ts": {"path":"Z:\\bots\\motion-captcha-bot\\src\\font.ts","all":false,"statementMap":{"1":{"start":{"line":2,"column":0},"end":{"line":2,"column":42}},"2":{"start":{"line":3,"column":0},"end":{"line":3,"column":71}},"3":{"start":{"line":4,"column":0},"end":{"line":4,"column":71}},"4":{"start":{"line":5,"column":0},"end":{"line":5,"column":71}},"5":{"start":{"line":6,"column":0},"end":{"line":6,"column":71}},"6":{"start":{"line":7,"column":0},"end":{"line":7,"column":71}},"7":{"start":{"line":8,"column":0},"end":{"line":8,"column":71}},"8":{"start":{"line":9,"column":0},"end":{"line":9,"column":71}},"9":{"start":{"line":10,"column":0},"end":{"line":10,"column":71}},"10":{"start":{"line":11,"column":0},"end":{"line":11,"column":71}},"11":{"start":{"line":12,"column":0},"end":{"line":12,"column":71}},"12":{"start":{"line":13,"column":0},"end":{"line":13,"column":71}},"13":{"start":{"line":14,"column":0},"end":{"line":14,"column":71}},"14":{"start":{"line":15,"column":0},"end":{"line":15,"column":2}},"16":{"start":{"line":17,"column":0},"end":{"line":17,"column":25}},"17":{"start":{"line":18,"column":0},"end":{"line":18,"column":25}},"23":{"start":{"line":24,"column":0},"end":{"line":24,"column":25}},"24":{"start":{"line":25,"column":0},"end":{"line":25,"column":15}},"25":{"start":{"line":26,"column":0},"end":{"line":26,"column":16}},"26":{"start":{"line":27,"column":0},"end":{"line":27,"column":56}},"27":{"start":{"line":28,"column":0},"end":{"line":28,"column":47}},"28":{"start":{"line":29,"column":0},"end":{"line":29,"column":29}},"29":{"start":{"line":30,"column":0},"end":{"line":30,"column":33}},"30":{"start":{"line":31,"column":0},"end":{"line":31,"column":46}},"32":{"start":{"line":33,"column":0},"end":{"line":33,"column":41}},"33":{"start":{"line":34,"column":0},"end":{"line":34,"column":35}},"34":{"start":{"line":35,"column":0},"end":{"line":35,"column":61}},"35":{"start":{"line":36,"column":0},"end":{"line":36,"column":46}},"36":{"start":{"line":37,"column":0},"end":{"line":37,"column":42}},"37":{"start":{"line":38,"column":0},"end":{"line":38,"column":44}},"38":{"start":{"line":39,"column":0},"end":{"line":39,"column":45}},"39":{"start":{"line":40,"column":0},"end":{"line":40,"column":44}},"40":{"start":{"line":41,"column":0},"end":{"line":41,"column":36}},"41":{"start":{"line":42,"column":0},"end":{"line":42,"column":60}},"42":{"start":{"line":43,"column":0},"end":{"line":43,"column":51}},"43":{"start":{"line":44,"column":0},"end":{"line":44,"column":9}},"44":{"start":{"line":45,"column":0},"end":{"line":45,"column":7}},"45":{"start":{"line":46,"column":0},"end":{"line":46,"column":5}},"46":{"start":{"line":47,"column":0},"end":{"line":47,"column":3}},"47":{"start":{"line":48,"column":0},"end":{"line":48,"column":33}},"48":{"start":{"line":49,"column":0},"end":{"line":49,"column":1}}},"s":{"1":1,"2":1,"3":1,"4":1,"5":1,"6":1,"7":1,"8":1,"9":1,"10":1,"11":1,"12":1,"13":1,"14":1,"16":1,"17":1,"23":1,"24":20,"25":20,"26":20,"27":20,"28":20,"29":20,"30":20,"32":20,"33":62,"34":62,"35":61,"36":62,"37":427,"38":2135,"39":2135,"40":10899,"41":10899,"42":10899,"43":10899,"44":763,"45":427,"46":61,"47":19,"48":19},"branchMap":{"0":{"type":"branch","line":24,"loc":{"start":{"line":24,"column":7},"end":{"line":49,"column":1}},"locations":[{"start":{"line":24,"column":7},"end":{"line":49,"column":1}}]},"1":{"type":"branch","line":33,"loc":{"start":{"line":33,"column":40},"end":{"line":47,"column":3}},"locations":[{"start":{"line":33,"column":40},"end":{"line":47,"column":3}}]},"2":{"type":"branch","line":35,"loc":{"start":{"line":35,"column":16},"end":{"line":35,"column":61}},"locations":[{"start":{"line":35,"column":16},"end":{"line":35,"column":61}}]},"3":{"type":"branch","line":35,"loc":{"start":{"line":35,"column":59},"end":{"line":37,"column":41}},"locations":[{"start":{"line":35,"column":59},"end":{"line":37,"column":41}}]},"4":{"type":"branch","line":37,"loc":{"start":{"line":37,"column":41},"end":{"line":46,"column":5}},"locations":[{"start":{"line":37,"column":41},"end":{"line":46,"column":5}}]},"5":{"type":"branch","line":38,"loc":{"start":{"line":38,"column":43},"end":{"line":45,"column":7}},"locations":[{"start":{"line":38,"column":43},"end":{"line":45,"column":7}}]},"6":{"type":"branch","line":39,"loc":{"start":{"line":39,"column":36},"end":{"line":39,"column":45}},"locations":[{"start":{"line":39,"column":36},"end":{"line":39,"column":45}}]},"7":{"type":"branch","line":39,"loc":{"start":{"line":39,"column":36},"end":{"line":40,"column":43}},"locations":[{"start":{"line":39,"column":36},"end":{"line":40,"column":43}}]},"8":{"type":"branch","line":40,"loc":{"start":{"line":40,"column":43},"end":{"line":44,"column":9}},"locations":[{"start":{"line":40,"column":43},"end":{"line":44,"column":9}}]},"9":{"type":"branch","line":44,"loc":{"start":{"line":44,"column":8},"end":{"line":45,"column":7}},"locations":[{"start":{"line":44,"column":8},"end":{"line":45,"column":7}}]},"10":{"type":"branch","line":46,"loc":{"start":{"line":46,"column":4},"end":{"line":47,"column":3}},"locations":[{"start":{"line":46,"column":4},"end":{"line":47,"column":3}}]},"11":{"type":"branch","line":47,"loc":{"start":{"line":47,"column":2},"end":{"line":49,"column":1}},"locations":[{"start":{"line":47,"column":2},"end":{"line":49,"column":1}}]}},"b":{"0":[20],"1":[62],"2":[1],"3":[61],"4":[427],"5":[2135],"6":[1372],"7":[763],"8":[10899],"9":[763],"10":[61],"11":[19]},"fnMap":{"0":{"name":"textMask","decl":{"start":{"line":24,"column":7},"end":{"line":49,"column":1}},"loc":{"start":{"line":24,"column":7},"end":{"line":49,"column":1}},"line":24}},"f":{"0":20}}
,"Z:\\bots\\motion-captcha-bot\\src\\gate.ts": {"path":"Z:\\bots\\motion-captcha-bot\\src\\gate.ts","all":false,"statementMap":{"12":{"start":{"line":13,"column":0},"end":{"line":13,"column":48}},"13":{"start":{"line":14,"column":0},"end":{"line":14,"column":49}},"14":{"start":{"line":15,"column":0},"end":{"line":15,"column":10}},"15":{"start":{"line":16,"column":0},"end":{"line":16,"column":48}},"16":{"start":{"line":17,"column":0},"end":{"line":17,"column":43}},"18":{"start":{"line":19,"column":0},"end":{"line":19,"column":25}},"19":{"start":{"line":20,"column":0},"end":{"line":20,"column":24}},"20":{"start":{"line":21,"column":0},"end":{"line":21,"column":24}},"21":{"start":{"line":22,"column":0},"end":{"line":22,"column":8}},"22":{"start":{"line":23,"column":0},"end":{"line":23,"column":20}},"23":{"start":{"line":24,"column":0},"end":{"line":24,"column":6}},"24":{"start":{"line":25,"column":0},"end":{"line":25,"column":4}},"25":{"start":{"line":26,"column":0},"end":{"line":26,"column":1}}},"s":{"12":1,"13":20,"14":20,"15":20,"16":23,"18":23,"19":23,"20":23,"21":23,"22":23,"23":23,"24":20,"25":20},"branchMap":{"0":{"type":"branch","line":13,"loc":{"start":{"line":13,"column":7},"end":{"line":26,"column":1}},"locations":[{"start":{"line":13,"column":7},"end":{"line":26,"column":1}}]},"1":{"type":"branch","line":16,"loc":{"start":{"line":16,"column":4},"end":{"line":24,"column":6}},"locations":[{"start":{"line":16,"column":4},"end":{"line":24,"column":6}}]},"2":{"type":"branch","line":20,"loc":{"start":{"line":20,"column":8},"end":{"line":20,"column":24}},"locations":[{"start":{"line":20,"column":8},"end":{"line":20,"column":24}}]},"3":{"type":"branch","line":21,"loc":{"start":{"line":21,"column":8},"end":{"line":21,"column":24}},"locations":[{"start":{"line":21,"column":8},"end":{"line":21,"column":24}}]}},"b":{"0":[20],"1":[23],"2":[20],"3":[2]},"fnMap":{"0":{"name":"createSerialGate","decl":{"start":{"line":13,"column":7},"end":{"line":26,"column":1}},"loc":{"start":{"line":13,"column":7},"end":{"line":26,"column":1}},"line":13},"1":{"name":"run","decl":{"start":{"line":16,"column":4},"end":{"line":24,"column":6}},"loc":{"start":{"line":16,"column":4},"end":{"line":24,"column":6}},"line":16}},"f":{"0":20,"1":23}}
[...]
:27,"column":25},"end":{"line":27,"column":45}},"locations":[{"start":{"line":27,"column":25},"end":{"line":27,"column":45}}]},"7":{"type":"branch","line":27,"loc":{"start":{"line":27,"column":33},"end":{"line":27,"column":57}},"locations":[{"start":{"line":27,"column":33},"end":{"line":27,"column":57}}]},"8":{"type":"branch","line":28,"loc":{"start":{"line":28,"column":10},"end":{"line":28,"column":33}},"locations":[{"start":{"line":28,"column":10},"end":{"line":28,"column":33}}]},"9":{"type":"branch","line":28,"loc":{"start":{"line":28,"column":33},"end":{"line":28,"column":66}},"locations":[{"start":{"line":28,"column":33},"end":{"line":28,"column":66}}]},"10":{"type":"branch","line":28,"loc":{"start":{"line":28,"column":66},"end":{"line":28,"column":78}},"locations":[{"start":{"line":28,"column":66},"end":{"line":28,"column":78}}]},"11":{"type":"branch","line":28,"loc":{"start":{"line":28,"column":72},"end":{"line":31,"column":5}},"locations":[{"start":{"line":28,"column":72},"end":{"line":31,"column":5}}]},"12":{"type":"branch","line":32,"loc":{"start":{"line":32,"column":2},"end":{"line":34,"column":1}},"locations":[{"start":{"line":32,"column":2},"end":{"line":34,"column":1}}]},"13":{"type":"branch","line":30,"loc":{"start":{"line":30,"column":24},"end":{"line":30,"column":64}},"locations":[{"start":{"line":30,"column":24},"end":{"line":30,"column":64}}]},"14":{"type":"branch","line":36,"loc":{"start":{"line":36,"column":0},"end":{"line":38,"column":1}},"locations":[{"start":{"line":36,"column":0},"end":{"line":38,"column":1}}]},"15":{"type":"branch","line":37,"loc":{"start":{"line":37,"column":30},"end":{"line":37,"column":45}},"locations":[{"start":{"line":37,"column":30},"end":{"line":37,"column":45}}]}},"b":{"0":[95],"1":[98],"2":[13],"3":[12],"4":[12],"5":[1],"6":[12],"7":[4],"8":[12],"9":[4],"10":[9],"11":[4],"12":[4],"13":[4],"14":[29],"15":[1]},"fnMap":{"0":{"name":"withRetry","decl":{"start":{"line":19,"column":0},"end":{"line":34,"column":1}},"loc":{"start":{"line":19,"column":0},"end":{"line":34,"column":1}},"line":19},"1":{"name":"quietly","decl":{"start":{"line":36,"column":0},"end":{"line":38,"column":1}},"loc":{"start":{"line":36,"column":0},"end":{"line":38,"column":1}},"line":36}},"f":{"0":95,"1":29}}
,"Z:\\bots\\motion-captcha-bot\\src\\wiring.ts": {"path":"Z:\\bots\\motion-captcha-bot\\src\\wiring.ts","all":false,"statementMap":{"2":{"start":{"line":3,"column":0},"end":{"line":3,"column":87}},"20":{"start":{"line":21,"column":0},"end":{"line":21,"column":41}},"21":{"start":{"line":22,"column":0},"end":{"line":22,"column":51}},"22":{"start":{"line":23,"column":0},"end":{"line":23,"column":1}},"29":{"start":{"line":30,"column":0},"end":{"line":30,"column":22}},"31":{"start":{"line":32,"column":0},"end":{"line":32,"column":11}},"32":{"start":{"line":33,"column":0},"end":{"line":33,"column":14}},"33":{"start":{"line":34,"column":0},"end":{"line":34,"column":11}},"34":{"start":{"line":35,"column":0},"end":{"line":35,"column":23}},"35":{"start":{"line":36,"column":0},"end":{"line":36,"column":27}},"36":{"start":{"line":37,"column":0},"end":{"line":37,"column":35}},"37":{"start":{"line":38,"column":0},"end":{"line":38,"column":30}},"38":{"start":{"line":39,"column":0},"end":{"line":39,"column":22}},"39":{"start":{"line":40,"column":0},"end":{"line":40,"column":41}},"40":{"start":{"line":41,"column":0},"end":{"line":41,"column":52}},"41":{"start":{"line":42,"column":0},"end":{"line":42,"column":1}},"44":{"start":{"line":45,"column":0},"end":{"line":45,"column":71}},"45":{"start":{"line":46,"column":0},"end":{"line":46,"column":48}},"46":{"start":{"line":47,"column":0},"end":{"line":47,"column":48}},"50":{"start":{"line":51,"column":0},"end":{"line":51,"column":32}},"51":{"start":{"line":52,"column":0},"end":{"line":52,"column":32}},"52":{"start":{"line":53,"column":0},"end":{"line":53,"column":95}},"53":{"start":{"line":54,"column":0},"end":{"line":54,"column":17}},"54":{"start":{"line":55,"column":0},"end":{"line":55,"column":5}},"59":{"start":{"line":60,"column":0},"end":{"line":60,"column":22}},"60":{"start":{"line":61,"column":0},"end":{"line":61,"column":34}},"61":{"start":{"line":62,"column":0},"end":{"line":62,"column":64}},"62":{"start":{"line":63,"column":0},"end":{"line":63,"column":28}},"63":{"start":{"line":64,"column":0},"end":{"line":64,"column":88}},"64":{"start":{"line":65,"column":0},"end":{"line":65,"column":15}},"65":{"start":{"line":66,"column":0},"end":{"line":66,"column":7}},"66":{"start":{"line":67,"column":0},"end":{"line":67,"column":19}},"67":{"start":{"line":68,"column":0},"end":{"line":68,"column":7}},"68":{"start":{"line":69,"column":0},"end":{"line":69,"column":3}},"72":{"start":{"line":73,"column":0},"end":{"line":73,"column":42}},"75":{"start":{"line":76,"column":0},"end":{"line":76,"column":40}},"76":{"start":{"line":77,"column":0},"end":{"line":77,"column":34}},"77":{"start":{"line":78,"column":0},"end":{"line":78,"column":31}},"78":{"start":{"line":79,"column":0},"end":{"line":79,"column":45}},"79":{"start":{"line":80,"column":0},"end":{"line":80,"column":46}},"80":{"start":{"line":81,"column":0},"end":{"line":81,"column":45}},"82":{"start":{"line":83,"column":0},"end":{"line":83,"column":100}},"83":{"start":{"line":84,"column":0},"end":{"line":84,"column":50}},"84":{"start":{"line":85,"column":0},"end":{"line":85,"column":64}},"86":{"start":{"line":87,"column":0},"end":{"line":87,"column":17}},"87":{"start":{"line":88,"column":0},"end":{"line":88,"column":34}},"88":{"start":{"line":89,"column":0},"end":{"line":89,"column":20}},"89":{"start":{"line":90,"column":0},"end":{"line":90,"column":27}},"90":{"start":{"line":91,"column":0},"end":{"line":91,"column":35}},"91":{"start":{"line":92,"column":0},"end":{"line":92,"column":32}},"92":{"start":{"line":93,"column":0},"end":{"line":93,"column":9}},"93":{"start":{"line":94,"column":0},"end":{"line":94,"column":13}},"94":{"start":{"line":95,"column":0},"end":{"line":95,"column":5}},"95":{"start":{"line":96,"column":0},"end":{"line":96,"column":31}},"96":{"start":{"line":97,"column":0},"end":{"line":97,"column":92}},"97":{"start":{"line":98,"column":0},"end":{"line":98,"column":5}},"99":{"start":{"line":100,"column":0},"end":{"line":100,"column":68}},"100":{"start":{"line":101,"column":0},"end":{"line":101,"column":5}},"102":{"start":{"line":103,"column":0},"end":{"line":103,"column":36}},"103":{"start":{"line":104,"column":0},"end":{"line":104,"column":40}},"104":{"start":{"line":105,"column":0},"end":{"line":105,"column":32}},"105":{"start":{"line":106,"column":0},"end":{"line":106,"column":94}},"106":{"start":{"line":107,"column":0},"end":{"line":107,"column":5}},"109":{"start":{"line":110,"column":0},"end":{"line":110,"column":43}},"110":{"start":{"line":111,"column":0},"end":{"line":111,"column":40}},"111":{"start":{"line":112,"column":0},"end":{"line":112,"column":32}},"112":{"start":{"line":113,"column":0},"end":{"line":113,"column":20}},"113":{"start":{"line":114,"column":0},"end":{"line":114,"column":11}},"114":{"start":{"line":115,"column":0},"end":{"line":115,"column":18}},"115":{"start":{"line":116,"column":0},"end":{"line":116,"column":18}},"116":{"start":{"line":117,"column":0},"end":{"line":117,"column":35}},"117":{"start":{"line":118,"column":0},"end":{"line":118,"column":29}},"118":{"start":{"line":119,"column":0},"end":{"line":119,"column":6}},"119":{"start":{"line":120,"column":0},"end":{"line":120,"column":5}},"121":{"start":{"line":122,"column":0},"end":{"line":122,"column":77}},"122":{"start":{"line":123,"column":0},"end":{"line":123,"column":1}},"125":{"start":{"line":126,"column":0},"end":{"line":126,"column":38}},"131":{"start":{"line":132,"column":0},"end":{"line":132,"column":30}},"132":{"start":{"line":133,"column":0},"end":{"line":133,"column":40}},"133":{"start":{"line":134,"column":0},"end":{"line":134,"column":39}},"134":{"start":{"line":135,"column":0},"end":{"line":135,"column":15}},"135":{"start":{"line":136,"column":0},"end":{"line":136,"column":23}},"136":{"start":{"line":137,"column":0},"end":{"line":137,"column":16}},"137":{"start":{"line":138,"column":0},"end":{"line":138,"column":25}},"138":{"start":{"line":139,"column":0},"end":{"line":139,"column":20}},"139":{"start":{"line":140,"column":0},"end":{"line":140,"column":20}},"140":{"start":{"line":141,"column":0},"end":{"line":141,"column":36}},"141":{"start":{"line":142,"column":0},"end":{"line":142,"column":81}},"142":{"start":{"line":143,"column":0},"end":{"line":143,"column":22}},"143":{"start":{"line":144,"column":0},"end":{"line":144,"column":25}},"144":{"start":{"line":145,"column":0},"end":{"line":145,"column":9}},"145":{"start":{"line":146,"column":0},"end":{"line":146,"column":4}},"146":{"start":{"line":147,"column":0},"end":{"line":147,"column":1}}},"s":{"2":1,"20":4,"21":4,"22":4,"29":5,"31":5,"32":5,"33":5,"34":5,"35":5,"36":3,"37":3,"38":2,"39":5,"40":4,"41":4,"44":1,"45":17,"46":17,"50":17,"51":16,"52":16,"53":15,"54":17,"59":17,"60":4,"61":5,"62":5,"63":3,"64":3,"65":3,"66":2,"67":4,"68":4,"72":17,"75":17,"76":8,"77":8,"78":8,"79":8,"80":8,"82":8,"83":8,"84":8,"86":8,"87":5,"88":5,"89":5,"90":5,"91":5,"92":5,"93":5,"94":5,"95":8,"96":1,"97":1,"99":8,"100":17,"102":17,"103":3,"104":2,"105":1,"106":17,"109":17,"110":1,"111":1,"112":1,"113":1,"114":1,"115":1,"116":1,"117":1,"118":1,"119":17,"121":17,"122":17,"125":1,"131":1,"132":3,"133":3,"134":3,"135":3,"136":3,"137":6,"138":5,"139":5,"140":5,"141":5,"142":5,"143":4,"144":5,"145":6,"146":3},"branchMap":{"0":{"type":"branch","line":21,"loc":{"start":{"line":21,"column":0},"end":{"line":23,"column":1}},"locations":[{"start":{"line":21,"column":0},"end":{"line":23,"column":1}}]},"1":{"type":"branch","line":30,"loc":{"start":{"line":30,"column":0},"end":{"line":42,"column":1}},"locations":[{"start":{"line":30,"column":0},"end":{"line":42,"column":1}}]},"2":{"type":"branch","line":36,"loc":{"start":{"line":36,"column":8},"end":{"line":36,"column":27}},"locations":[{"start":{"line":36,"column":8},"end":{"line":36,"column":27}}]},"3":{"type":"branch","line":36,"loc":{"start":{"line":36,"column":20},"end":{"line":37,"column":35}},"locations":[{"start":{"line":36,"column":20},"end":{"line":37,"column":35}}]},"4":{"type":"branch","line":37,"loc":{"start":{"line":37,"column":8},"end":{"line":37,"column":35}},"locations":[{"start":{"line":37,"column":8},"end":{"line":37,"column":35}}]},"5":{"type":"branch","line":37,"loc":{"start":{"line":37,"column":23},"end":{"line":38,"column":30}},"locations":[{"start":{"line":37,"column":23},"end":{"line":38,"column":30}}]},"6":{"type":"branch","line":38,"loc":{"start":{"line":38,"column":8},"end":{"line":38,"column":30}},"locations":[{"start":{"line":38,"column":8},"end":{"line":38,"column":30}}]},"7":{"type":"branch","line":38,"loc":{"start":{"line":38,"column":23},"end":{"line":39,"column":22}},"locations":[{"start":{"line":38,"column":23},"end":{"line":39,"column":22}}]},"8":{"type":"branch","line":39,"loc":{"start":{"line":39,"column":8},"end":{"line":39,"column":22}},"locations":[{"start":{"line":39,"column":8},"end":{"line":39,"column":22}}]},"9":{"type":"branch","line":40,"loc":{"start":{"line":40,"column":32},"end":{"line":40,"column":41}},"locations":[{"start":{"line":40,"column":32},"end":{"line":40,"column":41}}]},"10":{"type":"branch","line":40,"loc":{"start":{"line":40,"column":39},"end":{"line":42,"column":1}},"locations":[{"start":{"line":40,"column":39},"end":{"line":42,"column":1}}]},"11":{"type":"branch","line":45,"loc":{"start":{"line":45,"column":7},"end":{"line":123,"column":1}},"locations":[{"start":{"line":45,"column":7},"end":{"line":123,"column":1}}]},"12":{"type":"branch","line":47,"loc":{"start":{"line":47,"column":27},"end":{"line":47,"column":48}},"locations":[{"start":{"line":47,"column":27},"end":{"line":47,"column":48}}]},"13":{"type":"branch","line":60,"loc":{"start":{"line":60,"column":21},"end":{"line":69,"column":3}},"locations":[{"start":{"line":60,"column":21},"end":{"line":69,"column":3}}]},"14":{"type":"branch","line":51,"loc":{"start":{"line":51,"column":10},"end":{"line":55,"column":3}},"locations":[{"start":{"line":51,"column":10},"end":{"line":55,"column":3}}]},"15":{"type":"branch","line":53,"loc":{"start":{"line":53,"column":54},"end":{"line":53,"column":88}},"locations":[{"start":{"line":53,"column":54},"end":{"line":53,"column":88}}]},"16":{"type":"branch","line":53,"loc":{"start":{"line":53,"column":88},"end":{"line":53,"column":95}},"locations":[{"start":{"line":53,"column":88},"end":{"line":53,"column":95}}]},"17":{"type":"branch","line":53,"loc":{"start":{"line":53,"column":88},"end":{"line":54,"column":17}},"locations":[{"start":{"line":53,"column":88},"end":{"line":54,"column":17}}]},"18":{"type":"branch","line":61,"loc":{"start":{"line":61,"column":12},"end":{"line":68,"column":5}},"locations":[{"start":{"line":61,"column":12},"end":{"line":68,"column":5}}]},"19":{"type":"branch","line":62,"loc":{"start":{"line":62,"column":47},"end":{"line":62,"column":62}},"locations":[{"start":{"line":62,"column":47},"end":{"line":62,"column":62}}]},"20":{"type":"branch","line":63,"loc":{"start":{"line":63,"column":27},"end":{"line":66,"column":7}},"locations":[{"start":{"line":63,"column":27},"end":{"line":66,"column":7}}]},"21":{"type":"branch","line":66,"loc":{"start":{"line":66,"column":6},"end":{"line":67,"column":19}},"locations":[{"start":{"line":66,"column":6},"end":{"line":67,"column":19}}]},"22":{"type":"branch","line":73,"loc":{"start":{"line":73,"column":10},"end":{"line":73,"column":40}},"locations":[{"start":{"line":73,"column":10},"end":{"line":73,"column":40}}]},"23":{"type":"branch","line":76,"loc":{"start":{"line":76,"column":24},"end":{"line":101,"column":3}},"locations":[{"start":{"line":76,"column":24},"end":{"line":101,"column":3}}]},"24":{"type":"branch","line":83,"loc":{"start":{"line":83,"column":28},"end":{"line":83,"column":60}},"locations":[{"start":{"line":83,"column":28},"end":{"line":83,"column":60}}]},"25":{"type":"branch","line":83,"loc":{"start":{"line":83,"column":46},"end":{"line":83,"column":100}},"locations":[{"start":{"line":83,"column":46},"end":{"line":83,"column":100}}]},"26":{"type":"branch","line":83,"loc":{"start":{"line":83,"column":67},"end":{"line":83,"column":100}},"locations":[{"start":{"line":83,"column":67},"end":{"line":83,"column":100}}]},"27":{"type":"branch","line":84,"loc":{"start":{"line":84,"column":24},"end":{"line":84,"column":50}},"locations":[{"start":{"line":84,"column":24},"end":{"line":84,"column":50}}]},"28":{"type":"branch","line":85,"loc":{"start":{"line":85,"column":28},"end":{"line":85,"column":64}},"locations":[{"start":{"line":85,"column":28},"end":{"line":85,"column":64}}]},"29":{"type":"branch","line":87,"loc":{"start":{"line":87,"column":16},"end":{"line":95,"column":5}},"locations":[{"start":{"line":87,"column":16},"end":{"line":95,"column":5}}]},"30":{"type":"branch","line":95,"loc":{"start":{"line":95,"column":4},"end":{"line":96,"column":16}},"locations":[{"start":{"line":95,"column":4},"end":{"line":96,"column":16}}]},"31":{"type":"branch","line":96,"loc":{"start":{"line":96,"column":8},"end":{"line":96,"column":30}},"locations":[{"start":{"line":96,"column":8},"end":{"line":96,"column":30}}]},"32":{"type":"branch","line":96,"loc":{"start":{"line":96,"column":30},"end":{"line":98,"column":5}},"locations":[{"start":{"line":96,"column":30},"end":{"line":98,"column":5}}]},"33":{"type":"branch","line":98,"loc":{"start":{"line":98,"column":4},"end":{"line":100,"column":20}},"locations":[{"start":{"line":98,"column":4},"end":{"line":100,"column":20}}]},"34":{"type":"branch","line":100,"loc":{"start":{"line":100,"column":8},"end":{"line":100,"column":34}},"locations":[{"start":{"line":100,"column":8},"end":{"line":100,"column":34}}]},"35":{"type":"branch","line":100,"loc":{"start":{"line":100,"column":34},"end":{"line":100,"column":68}},"locations":[{"start":{"line":100,"column":34},"end":{"line":100,"column":68}}]},"36":{"type":"branch","line":103,"loc":{"start":{"line":103,"column":20},"end":{"line":107,"column":3}},"locations":[{"start":{"line":103,"column":20},"end":{"line":107,"column":3}}]},"37":{"type":"branch","line":104,"loc":{"start":{"line":104,"column":33},"end":{"line":104,"column":40}},"locations":[{"start":{"line":104,"column":33},"end":{"line":104,"column":40}}]},"38":{"type":"branch","line":104,"loc":{"start":{"line":104,"column":33},"end":{"line":105,"column":32}},"locations":[{"start":{"line":104,"column":33},"end":{"line":105,"column":32}}]},"39":{"type":"branch","line":105,"loc":{"start":{"line":105,"column":25},"end":{"line":106,"column":94}},"locations":[{"start":{"line":105,"column":25},"end":{"line":106,"column":94}}]},"40":{"type":"branch","line":110,"loc":{"start":{"line":110,"column":27},"end":{"line":120,"column":3}},"locations":[{"start":{"line":110,"column":27},"end":{"line":120,"column":3}}]},"41":{"type":"branch","line":111,"loc":{"start":{"line":111,"column":33},"end":{"line":111,"column":40}},"locations":[{"start":{"line":111,"column":33},"end":{"line":111,"column":40}}]},"42":{"type":"branch","line":112,"loc":{"start":{"line":112,"column":25},"end":{"line":112,"column":32}},"locations":[{"start":{"line":112,"column":25},"end":{"line":112,"column":32}}]},"43":{"type":"branch","line":122,"loc":{"start":{"line":122,"column":12},"end":{"line":122,"column":75}},"locations":[{"start":{"line":122,"column":12},"end":{"line":122,"column":75}}]},"44":{"type":"branch","line":132,"loc":{"start":{"line":132,"column":7},"end":{"line":147,"column":1}},"locations":[{"start":{"line":132,"column":7},"end":{"line":147,"column":1}}]},"45":{"type":"branch","line":137,"loc":{"start":{"line":137,"column":9},"end":{"line":146,"column":4}},"locations":[{"start":{"line":137,"column":9},"end":{"line":146,"column":4}}]},"46":{"type":"branch","line":138,"loc":{"start":{"line":138,"column":18},"end":{"line":138,"column":25}},"locations":[{"start":{"line":138,"column":18},"end":{"line":138,"column":25}}]},"47":{"type":"branch","line":138,"loc":{"start":{"line":138,"column":18},"end":{"line":145,"column":9}},"locations":[{"start":{"line":138,"column":18},"end":{"line":145,"column":9}}]},"48":{"type":"branch","line":141,"loc":{"start":{"line":141,"column":11},"end":{"line":141,"column":35}},"locations":[{"start":{"line":141,"column":11},"end":{"line":141,"column":35}}]},"49":{"type":"branch","line":142,"loc":{"start":{"line":142,"column":13},"end":{"line":142,"column":80}},"locations":[{"start":{"line":142,"column":13},"end":{"line":142,"column":80}}]},"50":{"type":"branch","line":143,"loc":{"start":{"line":143,"column":15},"end":{"line":145,"column":7}},"locations":[{"start":{"line":143,"column":15},"end":{"line":145,"column":7}}]}},"b":{"0":[4],"1":[5],"2":[3],"3":[3],"4":[1],"5":[3],"6":[1],"7":[2],"8":[1],"9":[1],"10":[4],"11":[17],"12":[0],"13":[4],"14":[16],"15":[1],"16":[1],"17":[15],"18":[5],"19":[0],"20":[3],"21":[2],"22":[12],"23":[8],"24":[3],"25":[5],"26":[0],"27":[7],"28":[7],"29":[5],"30":[3],"31":[2],"32":[1],"33":[3],"34":[1],"35":[1],"36":[3],"37":[1],"38":[2],"39":[1],"40":[1],"41":[0],"42":[0],"43":[1],"44":[3],"45":[6],"46":[1],"47":[5],"48":[5],"49":[1],"50":[4]},"fnMap":{"0":{"name":"isGroup","decl":{"start":{"line":21,"column":0},"end":{"line":23,"column":1}},"loc":{"start":{"line":21,"column":0},"end":{"line":23,"column":1}},"line":21},"1":{"name":"updateAgeSec","decl":{"start":{"line":30,"column":0},"end":{"line":42,"column":1}},"loc":{"start":{"line":30,"column":0},"end":{"line":42,"column":1}},"line":30},"2":{"name":"registerHandlers","decl":{"start":{"line":45,"column":7},"end":{"line":123,"column":1}},"loc":{"start":{"line":45,"column":7},"end":{"line":123,"column":1}},"line":45},"3":{"name":"createSweeper","decl":{"start":{"line":132,"column":7},"end":{"line":147,"column":1}},"loc":{"start":{"line":132,"column":7},"end":{"line":147,"column":1}},"line":132}},"f":{"0":4,"1":5,"2":17,"3":3}}
}
